#
# A fatal error has been detected by the Java Runtime Environment:
#
#  SIGSEGV (0xb) at pc=0x00007f83184deadd, pid=8962, tid=0x00007f831972f700
#
# JRE version: OpenJDK Runtime Environment (8.0_131-b11) (build 1.8.0_131-8u131-b11-2ubuntu1.17.04.3-b11)
# Java VM: OpenJDK 64-Bit Server VM (25.131-b11 mixed mode linux-amd64 compressed oops)
# Problematic frame:
# C  [libX11.so.6+0x33add]  XQueryExtension+0x2d
#
# Failed to write core dump. Core dumps have been disabled. To enable core dumping, try "ulimit -c unlimited" before starting Java again
#
# If you would like to submit a bug report, please visit:
#   http://bugreport.java.com/bugreport/crash.jsp
# The crash happened outside the Java Virtual Machine in native code.
# See problematic frame for where to report the bug.
#

---------------  T H R E A D  ---------------

Current thread (0x00007f8332058800):  JavaThread "usb-11" daemon [_thread_in_native, id=8999, stack(0x00007f831962f000,0x00007f8319730000)]

siginfo: si_signo: 11 (SIGSEGV), si_code: 1 (SEGV_MAPERR), si_addr: 0x0000000000000968

Registers:
RAX=0x0000000000000000, RBX=0x0000000000000000, RCX=0x00007f831972df88, RDX=0x00007f831972df84
RSP=0x00007f831972df10, RBP=0x00007f82f0dfc8d8, RSI=0x00007f82f0dfc8d8, RDI=0x0000000000000000
R8 =0x00007f831972df8c, R9 =0x0000000000000030, R10=0x0000000000000198, R11=0x00007f83184d2660
R12=0x00007f831972df8c, R13=0x00007f831972df88, R14=0x00007f831972df84, R15=0x00007f82f0ffe170
RIP=0x00007f83184deadd, EFLAGS=0x0000000000010246, CSGSFS=0x002b000000000033, ERR=0x0000000000000004
  TRAPNO=0x000000000000000e

Top of Stack: (sp=0x00007f831972df10)
0x00007f831972df10:   0000000000000000 0000000000000000
0x00007f831972df20:   0000006e0000005b 0000000000000000
0x00007f831972df30:   0000000000000000 c3f39a519189a900
0x00007f831972df40:   0000000000000000 0000000000000000
0x00007f831972df50:   00007f82f0ffe100 00007f82f0dfc8d8
0x00007f831972df60:   00007f82d0024f80 00007f82f0dfc8d8
0x00007f831972df70:   00007f82f0ffe170 00007f83184d2692
0x00007f831972df80:   0000000000000000 00007f82d0000468
0x00007f831972df90:   0000000000000030 c3f39a519189a900
0x00007f831972dfa0:   0000000000000000 00007f82f0ffe100
0x00007f831972dfb0:   0000000000000000 00007f82f07c7fdf
0x00007f831972dfc0:   00007f82f0dfc8d8 0000000000000000
0x00007f831972dfd0:   00007f82f0ffe170 00007f83189fed90
0x00007f831972dfe0:   00007f83189fed8c 0000000000000000
0x00007f831972dff0:   00007f83189fe548 00007f831972e568
0x00007f831972e000:   00007f8332058800 00007f82f0dfa141
0x00007f831972e010:   00007f831972e090 00007f831972e090
0x00007f831972e020:   00007f831972e540 00007f83187ed8f4
0x00007f831972e030:   00007f8300000000 00007f8300000000
0x00007f831972e040:   00007f8300000002 00007f82d00243f0
0x00007f831972e050:   0000000000000800 00007f831972e090
0x00007f831972e060:   00007f831972e120 00007f833696011f
0x00007f831972e070:   0000000000000000 7696f28add4f5145
0x00007f831972e080:   0000001000000010 00007f831972e090
0x00007f831972e090:   0000000000000000 0000000000000000
0x00007f831972e0a0:   0000000000000000 0000000000000000
0x00007f831972e0b0:   0000000000000000 0000000000000000
0x00007f831972e0c0:   0000000000000000 0000000000000000
0x00007f831972e0d0:   0000000000000000 0000000000000000
0x00007f831972e0e0:   0000000000000000 0000000000000000
0x00007f831972e0f0:   0000000000000000 0000000000000000
0x00007f831972e100:   0000000000000000 0000000000000000 

Instructions: (pc=0x00007f83184deadd)
0x00007f83184deabd:   cd 55 53 48 89 f5 48 89 fb 4d 89 c4 48 83 ec 38
0x00007f83184deacd:   64 48 8b 04 25 28 00 00 00 48 89 44 24 28 31 c0
0x00007f83184deadd:   48 8b 87 68 09 00 00 48 85 c0 74 02 ff 10 ba 08
0x00007f83184deaed:   00 00 00 be 62 00 00 00 48 89 df e8 73 c8 00 00 

Register to memory mapping:

RAX=0x0000000000000000 is an unknown value
RBX=0x0000000000000000 is an unknown value
RCX=0x00007f831972df88 is pointing into the stack for thread: 0x00007f8332058800
RDX=0x00007f831972df84 is pointing into the stack for thread: 0x00007f8332058800
RSP=0x00007f831972df10 is pointing into the stack for thread: 0x00007f8332058800
RBP=0x00007f82f0dfc8d8: <offset 0x38d8> in /usr/lib/x86_64-linux-gnu/libXxf86vm.so.1 at 0x00007f82f0df9000
RSI=0x00007f82f0dfc8d8: <offset 0x38d8> in /usr/lib/x86_64-linux-gnu/libXxf86vm.so.1 at 0x00007f82f0df9000
RDI=0x0000000000000000 is an unknown value
R8 =0x00007f831972df8c is pointing into the stack for thread: 0x00007f8332058800
R9 =0x0000000000000030 is an unknown value
R10=0x0000000000000198 is an unknown value
R11=0x00007f83184d2660: XInitExtension+0 in /usr/lib/x86_64-linux-gnu/libX11.so.6 at 0x00007f83184ab000
R12=0x00007f831972df8c is pointing into the stack for thread: 0x00007f8332058800
R13=0x00007f831972df88 is pointing into the stack for thread: 0x00007f8332058800
R14=0x00007f831972df84 is pointing into the stack for thread: 0x00007f8332058800
R15=0x00007f82f0ffe170: <offset 0x205170> in /usr/lib/x86_64-linux-gnu/libXxf86vm.so.1 at 0x00007f82f0df9000


Stack: [0x00007f831962f000,0x00007f8319730000],  sp=0x00007f831972df10,  free space=1019k
Native frames: (J=compiled Java code, j=interpreted, Vv=VM code, C=native code)
C  [libX11.so.6+0x33add]  XQueryExtension+0x2d

Java frames: (J=compiled Java code, j=interpreted, Vv=VM code)
j  org.lwjgl.system.JNI.invokeI(J)I+0
j  org.lwjgl.glfw.GLFW.glfwInit()Z+5
j  com.badlogic.gdx.backends.lwjgl3.Lwjgl3Application.initializeGlfw()V+25
j  com.badlogic.gdx.backends.lwjgl3.Lwjgl3Application.<init>(Lcom/badlogic/gdx/ApplicationListener;Lcom/badlogic/gdx/backends/lwjgl3/Lwjgl3ApplicationConfiguration;)V+69
j  display.io.desktop.package$.$anonfun$open$3(Ldisplay/io/desktop/package$;Lscala/Tuple2;Lscala/collection/Seq;Lmonix/execution/Scheduler;Lmonix/execution/cancelables/CompositeCancelable;Lmonix/reactive/Observable;Lmonix/reactive/Observer;)V+37
j  display.io.desktop.package$$$Lambda$37.run()V+28
j  java.util.concurrent.Executors$RunnableAdapter.call()Ljava/lang/Object;+4
j  java.util.concurrent.FutureTask.run()V+42
j  java.util.concurrent.ScheduledThreadPoolExecutor$ScheduledFutureTask.access$201(Ljava/util/concurrent/ScheduledThreadPoolExecutor$ScheduledFutureTask;)V+1
j  java.util.concurrent.ScheduledThreadPoolExecutor$ScheduledFutureTask.run()V+30
j  java.util.concurrent.ThreadPoolExecutor.runWorker(Ljava/util/concurrent/ThreadPoolExecutor$Worker;)V+95
j  java.util.concurrent.ThreadPoolExecutor$Worker.run()V+5
j  java.lang.Thread.run()V+11
v  ~StubRoutines::call_stub

---------------  P R O C E S S  ---------------

Java Threads: ( => current thread )
=>0x00007f8332058800 JavaThread "usb-11" daemon [_thread_in_native, id=8999, stack(0x00007f831962f000,0x00007f8319730000)]
  0x00007f8332057800 JavaThread "usb-10" daemon [_thread_in_native, id=8998, stack(0x00007f8319730000,0x00007f8319831000)]
  0x00007f8330466800 JavaThread "Service Thread" daemon [_thread_blocked, id=8978, stack(0x00007f8319f4a000,0x00007f831a04b000)]
  0x00007f8330463000 JavaThread "C1 CompilerThread2" daemon [_thread_blocked, id=8977, stack(0x00007f831a04b000,0x00007f831a14c000)]
  0x00007f8330461000 JavaThread "C2 CompilerThread1" daemon [_thread_blocked, id=8974, stack(0x00007f831a364000,0x00007f831a465000)]
  0x00007f833045f000 JavaThread "C2 CompilerThread0" daemon [_thread_blocked, id=8973, stack(0x00007f831a465000,0x00007f831a566000)]
  0x00007f833045d800 JavaThread "Monitor Ctrl-Break" daemon [_thread_in_native, id=8972, stack(0x00007f831a566000,0x00007f831a667000)]
  0x00007f8330176000 JavaThread "Signal Dispatcher" daemon [_thread_blocked, id=8971, stack(0x00007f831a7be000,0x00007f831a8bf000)]
  0x00007f833014e800 JavaThread "Finalizer" daemon [_thread_blocked, id=8970, stack(0x00007f831ab9a000,0x00007f831ac9b000)]
  0x00007f833014a000 JavaThread "Reference Handler" daemon [_thread_blocked, id=8969, stack(0x00007f831ac9b000,0x00007f831ad9c000)]
  0x00007f833000e000 JavaThread "main" [_thread_in_vm, id=8963, stack(0x00007f8337f53000,0x00007f8338054000)]

Other Threads:
  0x00007f8330142800 VMThread [stack: 0x00007f831ad9c000,0x00007f831ae9d000] [id=8968]
  0x00007f8330468800 WatcherThread [stack: 0x00007f8319e49000,0x00007f8319f4a000] [id=8979]

VM state:not at safepoint (normal execution)

VM Mutex/Monitor currently owned by a thread: None

Heap:
 PSYoungGen      total 36864K, used 30085K [0x00000000d6f00000, 0x00000000d9800000, 0x0000000100000000)
  eden space 31744K, 78% used [0x00000000d6f00000,0x00000000d8763430,0x00000000d8e00000)
  from space 5120K, 99% used [0x00000000d8e00000,0x00000000d92fe278,0x00000000d9300000)
  to   space 5120K, 0% used [0x00000000d9300000,0x00000000d9300000,0x00000000d9800000)
 ParOldGen       total 84992K, used 281K [0x0000000084c00000, 0x0000000089f00000, 0x00000000d6f00000)
  object space 84992K, 0% used [0x0000000084c00000,0x0000000084c46500,0x0000000089f00000)
 Metaspace       used 15332K, capacity 15736K, committed 15872K, reserved 1062912K
  class space    used 1947K, capacity 2025K, committed 2048K, reserved 1048576K

Card table byte_map: [0x00007f833401b000,0x00007f83343f6000] byte_map_base: 0x00007f8333bf5000

Marking Bits: (ParMarkBitMap*) 0x00007f83372232c0
 Begin Bits: [0x00007f831cbca000, 0x00007f831ea9a000)
 End Bits:   [0x00007f831ea9a000, 0x00007f832096a000)

Polling page: 0x00007f8338075000

CodeCache: size=245760Kb used=3365Kb max_used=3365Kb free=242395Kb
 bounds [0x00007f8321000000, 0x00007f8321350000, 0x00007f8330000000]
 total_blobs=1548 nmethods=824 adapters=639
 compilation: enabled

Compilation events (10 events):
Event: 4.818 Thread 0x00007f8330463000  831       3       org.lwjgl.system.MemoryAccess$MemoryAccessorUnsafe::memPutByte (9 bytes)
Event: 4.818 Thread 0x00007f8330463000 nmethod 831 0x00007f832131b290 code [0x00007f832131b3e0, 0x00007f832131b530]
Event: 4.818 Thread 0x00007f8330463000  828       3       java.lang.reflect.Field::getFieldAccessor (16 bytes)
Event: 4.819 Thread 0x00007f8330463000 nmethod 828 0x00007f832131b5d0 code [0x00007f832131b740, 0x00007f832131b8f0]
Event: 4.819 Thread 0x00007f8330463000  833       1       org.lwjgl.system.MemoryAccess$MemoryAccessorUnsafe::memPutByte (9 bytes)
Event: 4.819 Thread 0x00007f8330463000 nmethod 833 0x00007f832131b950 code [0x00007f832131baa0, 0x00007f832131bbb0]
Event: 4.819 Thread 0x00007f8330463000  829       3       sun.reflect.ReflectionFactory::newFieldAccessor (9 bytes)
Event: 4.820 Thread 0x00007f8330463000 nmethod 829 0x00007f832131bc10 code [0x00007f832131bda0, 0x00007f832131c118]
Event: 4.820 Thread 0x00007f8330463000  832       1       java.nio.Buffer::limit (5 bytes)
Event: 4.821 Thread 0x00007f8330463000 nmethod 832 0x00007f832131c290 code [0x00007f832131c3e0, 0x00007f832131c4f0]

GC Heap History (2 events):
Event: 3.798 GC heap before
{Heap before GC invocations=1 (full 0):
 PSYoungGen      total 36864K, used 31744K [0x00000000d6f00000, 0x00000000d9800000, 0x0000000100000000)
  eden space 31744K, 100% used [0x00000000d6f00000,0x00000000d8e00000,0x00000000d8e00000)
  from space 5120K, 0% used [0x00000000d9300000,0x00000000d9300000,0x00000000d9800000)
  to   space 5120K, 0% used [0x00000000d8e00000,0x00000000d8e00000,0x00000000d9300000)
 ParOldGen       total 84992K, used 0K [0x0000000084c00000, 0x0000000089f00000, 0x00000000d6f00000)
  object space 84992K, 0% used [0x0000000084c00000,0x0000000084c00000,0x0000000089f00000)
 Metaspace       used 10336K, capacity 10502K, committed 10624K, reserved 1058816K
  class space    used 1325K, capacity 1379K, committed 1408K, reserved 1048576K
Event: 3.813 GC heap after
Heap after GC invocations=1 (full 0):
 PSYoungGen      total 36864K, used 5112K [0x00000000d6f00000, 0x00000000d9800000, 0x0000000100000000)
  eden space 31744K, 0% used [0x00000000d6f00000,0x00000000d6f00000,0x00000000d8e00000)
  from space 5120K, 99% used [0x00000000d8e00000,0x00000000d92fe278,0x00000000d9300000)
  to   space 5120K, 0% used [0x00000000d9300000,0x00000000d9300000,0x00000000d9800000)
 ParOldGen       total 84992K, used 281K [0x0000000084c00000, 0x0000000089f00000, 0x00000000d6f00000)
  object space 84992K, 0% used [0x0000000084c00000,0x0000000084c46500,0x0000000089f00000)
 Metaspace       used 10336K, capacity 10502K, committed 10624K, reserved 1058816K
  class space    used 1325K, capacity 1379K, committed 1408K, reserved 1048576K
}

Deoptimization events (1 events):
Event: 4.147 Thread 0x00007f833000e000 Uncommon trap: reason=unstable_if action=reinterpret pc=0x00007f83211ae0d4 method=java.lang.String.indexOf([CII[CIII)I @ 3

Internal exceptions (10 events):
Event: 4.752 Thread 0x00007f8332057800 Exception <a 'java/security/PrivilegedActionException'> (0x00000000d83d9420) thrown at [/build/openjdk-8-ugc2Ph/openjdk-8-8u131-b11/src/hotspot/src/share/vm/prims/jvm.cpp, line 1390]
Event: 4.752 Thread 0x00007f8332057800 Exception <a 'java/security/PrivilegedActionException'> (0x00000000d83d9630) thrown at [/build/openjdk-8-ugc2Ph/openjdk-8-8u131-b11/src/hotspot/src/share/vm/prims/jvm.cpp, line 1390]
Event: 4.768 Thread 0x00007f8332057800 Exception <a 'java/security/PrivilegedActionException'> (0x00000000d84a66b0) thrown at [/build/openjdk-8-ugc2Ph/openjdk-8-8u131-b11/src/hotspot/src/share/vm/prims/jvm.cpp, line 1390]
Event: 4.768 Thread 0x00007f8332057800 Exception <a 'java/security/PrivilegedActionException'> (0x00000000d84a6aa8) thrown at [/build/openjdk-8-ugc2Ph/openjdk-8-8u131-b11/src/hotspot/src/share/vm/prims/jvm.cpp, line 1390]
Event: 4.770 Thread 0x00007f8332057800 Exception <a 'java/security/PrivilegedActionException'> (0x00000000d84b6ff0) thrown at [/build/openjdk-8-ugc2Ph/openjdk-8-8u131-b11/src/hotspot/src/share/vm/prims/jvm.cpp, line 1390]
Event: 4.770 Thread 0x00007f8332057800 Exception <a 'java/security/PrivilegedActionException'> (0x00000000d84b73e8) thrown at [/build/openjdk-8-ugc2Ph/openjdk-8-8u131-b11/src/hotspot/src/share/vm/prims/jvm.cpp, line 1390]
Event: 4.771 Thread 0x00007f8332057800 Exception <a 'java/security/PrivilegedActionException'> (0x00000000d84bf4d8) thrown at [/build/openjdk-8-ugc2Ph/openjdk-8-8u131-b11/src/hotspot/src/share/vm/prims/jvm.cpp, line 1390]
Event: 4.771 Thread 0x00007f8332057800 Exception <a 'java/security/PrivilegedActionException'> (0x00000000d84bf8d0) thrown at [/build/openjdk-8-ugc2Ph/openjdk-8-8u131-b11/src/hotspot/src/share/vm/prims/jvm.cpp, line 1390]
Event: 4.821 Thread 0x00007f8332057800 Exception <a 'java/security/PrivilegedActionException'> (0x00000000d85ed038) thrown at [/build/openjdk-8-ugc2Ph/openjdk-8-8u131-b11/src/hotspot/src/share/vm/prims/jvm.cpp, line 1390]
Event: 4.821 Thread 0x00007f8332057800 Exception <a 'java/security/PrivilegedActionException'> (0x00000000d85ed248) thrown at [/build/openjdk-8-ugc2Ph/openjdk-8-8u131-b11/src/hotspot/src/share/vm/prims/jvm.cpp, line 1390]

Events (10 events):
Event: 4.832 loading class scodec/bits/Bases$HexAlphabet
Event: 4.832 loading class scodec/bits/Bases$HexAlphabet done
Event: 4.833 loading class scodec/bits/Bases$BinaryAlphabet
Event: 4.833 loading class scodec/bits/Bases$BinaryAlphabet done
Event: 4.833 loading class scodec/bits/BitVector$Suspend
Event: 4.833 loading class scodec/bits/BitVector$Suspend done
Event: 4.837 loading class scodec/bits/ByteVector$
Event: 4.837 loading class scodec/bits/ByteVector$ done
Event: 4.840 loading class scodec/bits/ByteVector
Event: 4.840 loading class scodec/bits/ByteVector done


Dynamic libraries:
84c00000-89f00000 rw-p 00000000 00:00 0 
89f00000-d6f00000 ---p 00000000 00:00 0 
d6f00000-d9800000 rw-p 00000000 00:00 0 
d9800000-100000000 ---p 00000000 00:00 0 
100000000-100200000 rw-p 00000000 00:00 0 
100200000-140000000 ---p 00000000 00:00 0 
55d9047c4000-55d9047c5000 r-xp 00000000 08:01 19665085                   /usr/lib/jvm/java-8-openjdk-amd64/jre/bin/java
55d9049c4000-55d9049c5000 r--p 00000000 08:01 19665085                   /usr/lib/jvm/java-8-openjdk-amd64/jre/bin/java
55d9049c5000-55d9049c6000 rw-p 00001000 08:01 19665085                   /usr/lib/jvm/java-8-openjdk-amd64/jre/bin/java
55d906628000-55d906649000 rw-p 00000000 00:00 0                          [heap]
7f82d0000000-7f82d0040000 rw-p 00000000 00:00 0 
7f82d0040000-7f82d4000000 ---p 00000000 00:00 0 
7f82d7dfa000-7f82d7dff000 r-xp 00000000 08:01 19536811                   /usr/lib/x86_64-linux-gnu/libXdmcp.so.6.0.0
7f82d7dff000-7f82d7ffe000 ---p 00005000 08:01 19536811                   /usr/lib/x86_64-linux-gnu/libXdmcp.so.6.0.0
7f82d7ffe000-7f82d7fff000 r--p 00004000 08:01 19536811                   /usr/lib/x86_64-linux-gnu/libXdmcp.so.6.0.0
7f82d7fff000-7f82d8000000 rw-p 00005000 08:01 19536811                   /usr/lib/x86_64-linux-gnu/libXdmcp.so.6.0.0
7f82d8000000-7f82d8021000 rw-p 00000000 00:00 0 
7f82d8021000-7f82dc000000 ---p 00000000 00:00 0 
7f82dc000000-7f82dc0d7000 rw-p 00000000 00:00 0 
7f82dc0d7000-7f82e0000000 ---p 00000000 00:00 0 
7f82e0000000-7f82e00d2000 rw-p 00000000 00:00 0 
7f82e00d2000-7f82e4000000 ---p 00000000 00:00 0 
7f82e4000000-7f82e4021000 rw-p 00000000 00:00 0 
7f82e4021000-7f82e8000000 ---p 00000000 00:00 0 
7f82e8000000-7f82e824b000 rw-p 00000000 00:00 0 
7f82e824b000-7f82ec000000 ---p 00000000 00:00 0 
7f82ec000000-7f82ec262000 rw-p 00000000 00:00 0 
7f82ec262000-7f82f0000000 ---p 00000000 00:00 0 
7f82f01a7000-7f82f01a9000 r-xp 00000000 08:01 19536800                   /usr/lib/x86_64-linux-gnu/libXau.so.6.0.0
7f82f01a9000-7f82f03a9000 ---p 00002000 08:01 19536800                   /usr/lib/x86_64-linux-gnu/libXau.so.6.0.0
7f82f03a9000-7f82f03aa000 r--p 00002000 08:01 19536800                   /usr/lib/x86_64-linux-gnu/libXau.so.6.0.0
7f82f03aa000-7f82f03ab000 rw-p 00003000 08:01 19536800                   /usr/lib/x86_64-linux-gnu/libXau.so.6.0.0
7f82f03ab000-7f82f03b0000 r-xp 00000000 08:01 19536815                   /usr/lib/x86_64-linux-gnu/libXfixes.so.3.1.0
7f82f03b0000-7f82f05af000 ---p 00005000 08:01 19536815                   /usr/lib/x86_64-linux-gnu/libXfixes.so.3.1.0
7f82f05af000-7f82f05b0000 r--p 00004000 08:01 19536815                   /usr/lib/x86_64-linux-gnu/libXfixes.so.3.1.0
7f82f05b0000-7f82f05b1000 rw-p 00005000 08:01 19536815                   /usr/lib/x86_64-linux-gnu/libXfixes.so.3.1.0
7f82f05b1000-7f82f05ba000 r-xp 00000000 08:01 19536835                   /usr/lib/x86_64-linux-gnu/libXrender.so.1.3.0
7f82f05ba000-7f82f07b9000 ---p 00009000 08:01 19536835                   /usr/lib/x86_64-linux-gnu/libXrender.so.1.3.0
7f82f07b9000-7f82f07ba000 r--p 00008000 08:01 19536835                   /usr/lib/x86_64-linux-gnu/libXrender.so.1.3.0
7f82f07ba000-7f82f07bb000 rw-p 00009000 08:01 19536835                   /usr/lib/x86_64-linux-gnu/libXrender.so.1.3.0
7f82f07bb000-7f82f07cc000 r-xp 00000000 08:01 19536813                   /usr/lib/x86_64-linux-gnu/libXext.so.6.4.0
7f82f07cc000-7f82f09cb000 ---p 00011000 08:01 19536813                   /usr/lib/x86_64-linux-gnu/libXext.so.6.4.0
7f82f09cb000-7f82f09cc000 r--p 00010000 08:01 19536813                   /usr/lib/x86_64-linux-gnu/libXext.so.6.4.0
7f82f09cc000-7f82f09cd000 rw-p 00011000 08:01 19536813                   /usr/lib/x86_64-linux-gnu/libXext.so.6.4.0
7f82f09cd000-7f82f09ee000 r-xp 00000000 08:01 19538353                   /usr/lib/x86_64-linux-gnu/libxcb.so.1.1.0
7f82f09ee000-7f82f0bed000 ---p 00021000 08:01 19538353                   /usr/lib/x86_64-linux-gnu/libxcb.so.1.1.0
7f82f0bed000-7f82f0bee000 r--p 00020000 08:01 19538353                   /usr/lib/x86_64-linux-gnu/libxcb.so.1.1.0
7f82f0bee000-7f82f0bef000 rw-p 00021000 08:01 19538353                   /usr/lib/x86_64-linux-gnu/libxcb.so.1.1.0
7f82f0bef000-7f82f0bf8000 r-xp 00000000 08:01 19536807                   /usr/lib/x86_64-linux-gnu/libXcursor.so.1.0.2
7f82f0bf8000-7f82f0df7000 ---p 00009000 08:01 19536807                   /usr/lib/x86_64-linux-gnu/libXcursor.so.1.0.2
7f82f0df7000-7f82f0df8000 r--p 00008000 08:01 19536807                   /usr/lib/x86_64-linux-gnu/libXcursor.so.1.0.2
7f82f0df8000-7f82f0df9000 rw-p 00009000 08:01 19536807                   /usr/lib/x86_64-linux-gnu/libXcursor.so.1.0.2
7f82f0df9000-7f82f0dfe000 r-xp 00000000 08:01 19536851                   /usr/lib/x86_64-linux-gnu/libXxf86vm.so.1.0.0
7f82f0dfe000-7f82f0ffd000 ---p 00005000 08:01 19536851                   /usr/lib/x86_64-linux-gnu/libXxf86vm.so.1.0.0
7f82f0ffd000-7f82f0ffe000 r--p 00004000 08:01 19536851                   /usr/lib/x86_64-linux-gnu/libXxf86vm.so.1.0.0
7f82f0ffe000-7f82f0fff000 rw-p 00005000 08:01 19536851                   /usr/lib/x86_64-linux-gnu/libXxf86vm.so.1.0.0
7f82f0fff000-7f82f4000000 rw-p 00000000 00:00 0 
7f82f4000000-7f82f4021000 rw-p 00000000 00:00 0 
7f82f4021000-7f82f8000000 ---p 00000000 00:00 0 
7f82f8000000-7f82f802b000 rw-p 00000000 00:00 0 
7f82f802b000-7f82fc000000 ---p 00000000 00:00 0 
7f82fc000000-7f82fc021000 rw-p 00000000 00:00 0 
7f82fc021000-7f8300000000 ---p 00000000 00:00 0 
7f8300000000-7f8300021000 rw-p 00000000 00:00 0 
7f8300021000-7f8304000000 ---p 00000000 00:00 0 
7f8304000000-7f8304021000 rw-p 00000000 00:00 0 
7f8304021000-7f8308000000 ---p 00000000 00:00 0 
7f8308000000-7f8308021000 rw-p 00000000 00:00 0 
7f8308021000-7f830c000000 ---p 00000000 00:00 0 
7f830c000000-7f830c021000 rw-p 00000000 00:00 0 
7f830c021000-7f8310000000 ---p 00000000 00:00 0 
7f8310000000-7f8310021000 rw-p 00000000 00:00 0 
7f8310021000-7f8314000000 ---p 00000000 00:00 0 
7f8314000000-7f8314021000 rw-p 00000000 00:00 0 
7f8314021000-7f8318000000 ---p 00000000 00:00 0 
7f831809d000-7f831809f000 r-xp 00000000 08:01 19536825                   /usr/lib/x86_64-linux-gnu/libXinerama.so.1.0.0
7f831809f000-7f831829e000 ---p 00002000 08:01 19536825                   /usr/lib/x86_64-linux-gnu/libXinerama.so.1.0.0
7f831829e000-7f831829f000 r--p 00001000 08:01 19536825                   /usr/lib/x86_64-linux-gnu/libXinerama.so.1.0.0
7f831829f000-7f83182a0000 rw-p 00002000 08:01 19536825                   /usr/lib/x86_64-linux-gnu/libXinerama.so.1.0.0
7f83182a0000-7f83182aa000 r-xp 00000000 08:01 19536833                   /usr/lib/x86_64-linux-gnu/libXrandr.so.2.2.0
7f83182aa000-7f83184a9000 ---p 0000a000 08:01 19536833                   /usr/lib/x86_64-linux-gnu/libXrandr.so.2.2.0
7f83184a9000-7f83184aa000 r--p 00009000 08:01 19536833                   /usr/lib/x86_64-linux-gnu/libXrandr.so.2.2.0
7f83184aa000-7f83184ab000 rw-p 0000a000 08:01 19536833                   /usr/lib/x86_64-linux-gnu/libXrandr.so.2.2.0
7f83184ab000-7f83185df000 r-xp 00000000 08:01 19536796                   /usr/lib/x86_64-linux-gnu/libX11.so.6.3.0
7f83185df000-7f83187df000 ---p 00134000 08:01 19536796                   /usr/lib/x86_64-linux-gnu/libX11.so.6.3.0
7f83187df000-7f83187e0000 r--p 00134000 08:01 19536796                   /usr/lib/x86_64-linux-gnu/libX11.so.6.3.0
7f83187e0000-7f83187e4000 rw-p 00135000 08:01 19536796                   /usr/lib/x86_64-linux-gnu/libX11.so.6.3.0
7f83187e4000-7f83187fe000 r-xp 00000000 08:01 24903730                   /tmp/lwjglwilson/3.1.0-build-40/libglfw.so
7f83187fe000-7f83189fd000 ---p 0001a000 08:01 24903730                   /tmp/lwjglwilson/3.1.0-build-40/libglfw.so
7f83189fd000-7f83189fe000 r--p 00019000 08:01 24903730                   /tmp/lwjglwilson/3.1.0-build-40/libglfw.so
7f83189fe000-7f83189ff000 rw-p 0001a000 08:01 24903730                   /tmp/lwjglwilson/3.1.0-build-40/libglfw.so
7f83189ff000-7f8318a00000 rw-p 00000000 00:00 0 
7f8318a00000-7f8318c00000 rw-p 00000000 00:00 0 
7f8318cd3000-7f8318cee000 r--s 00000000 08:01 24903730                   /tmp/lwjglwilson/3.1.0-build-40/libglfw.so
7f8318cee000-7f8318cf0000 rwxp 00000000 00:00 0 
7f8318cf0000-7f8318d25000 r-xp 00000000 08:01 24903729                   /tmp/lwjglwilson/3.1.0-build-40/libjemalloc.so
7f8318d25000-7f8318f24000 ---p 00035000 08:01 24903729                   /tmp/lwjglwilson/3.1.0-build-40/libjemalloc.so
7f8318f24000-7f8318f27000 r--p 00034000 08:01 24903729                   /tmp/lwjglwilson/3.1.0-build-40/libjemalloc.so
7f8318f27000-7f8318f28000 rw-p 00037000 08:01 24903729                   /tmp/lwjglwilson/3.1.0-build-40/libjemalloc.so
7f8318f28000-7f8318f29000 rw-p 00000000 00:00 0 
7f8318f29000-7f8318f61000 r--s 00000000 08:01 24903729                   /tmp/lwjglwilson/3.1.0-build-40/libjemalloc.so
7f8318f61000-7f8318faa000 r-xp 00000000 08:01 24903728                   /tmp/lwjglwilson/3.1.0-build-40/liblwjgl.so
7f8318faa000-7f83191aa000 ---p 00049000 08:01 24903728                   /tmp/lwjglwilson/3.1.0-build-40/liblwjgl.so
7f83191aa000-7f83191ab000 rw-p 00049000 08:01 24903728                   /tmp/lwjglwilson/3.1.0-build-40/liblwjgl.so
7f83191ab000-7f83191f6000 r--s 00000000 08:01 24903728                   /tmp/lwjglwilson/3.1.0-build-40/liblwjgl.so
7f83191f6000-7f8319376000 rw-p 00000000 00:00 0 
7f8319376000-7f83193f6000 ---p 00000000 00:00 0 
7f83193f6000-7f831942e000 r-xp 00000000 08:01 24903725                   /tmp/libgdxwilson/b793cc16/libgdx64.so
7f831942e000-7f831962d000 ---p 00038000 08:01 24903725                   /tmp/libgdxwilson/b793cc16/libgdx64.so
7f831962d000-7f831962e000 r--p 00037000 08:01 24903725                   /tmp/libgdxwilson/b793cc16/libgdx64.so
7f831962e000-7f831962f000 rw-p 00038000 08:01 24903725                   /tmp/libgdxwilson/b793cc16/libgdx64.so
7f831962f000-7f8319632000 ---p 00000000 00:00 0 
7f8319632000-7f8319730000 rw-p 00000000 00:00 0 
7f8319730000-7f8319733000 ---p 00000000 00:00 0 
7f8319733000-7f8319831000 rw-p 00000000 00:00 0 
7f8319831000-7f8319836000 r--s 0009a000 08:01 19665139                   /usr/lib/jvm/java-8-openjdk-amd64/jre/lib/jsse.jar
7f8319836000-7f8319a36000 rw-p 00000000 00:00 0 
7f8319a36000-7f8319a47000 r-xp 00000000 08:01 19665124                   /usr/lib/jvm/java-8-openjdk-amd64/jre/lib/amd64/libnio.so
7f8319a47000-7f8319c47000 ---p 00011000 08:01 19665124                   /usr/lib/jvm/java-8-openjdk-amd64/jre/lib/amd64/libnio.so
7f8319c47000-7f8319c48000 r--p 00011000 08:01 19665124                   /usr/lib/jvm/java-8-openjdk-amd64/jre/lib/amd64/libnio.so
7f8319c48000-7f8319c49000 rw-p 00012000 08:01 19665124                   /usr/lib/jvm/java-8-openjdk-amd64/jre/lib/amd64/libnio.so
7f8319c49000-7f8319e49000 rw-p 00000000 00:00 0 
7f8319e49000-7f8319e4a000 ---p 00000000 00:00 0 
7f8319e4a000-7f8319f4a000 rw-p 00000000 00:00 0 
7f8319f4a000-7f8319f4d000 ---p 00000000 00:00 0 
7f8319f4d000-7f831a04b000 rw-p 00000000 00:00 0 
7f831a04b000-7f831a04e000 ---p 00000000 00:00 0 
7f831a04e000-7f831a14c000 rw-p 00000000 00:00 0 
7f831a14c000-7f831a163000 r-xp 00000000 08:01 19665123                   /usr/lib/jvm/java-8-openjdk-amd64/jre/lib/amd64/libnet.so
7f831a163000-7f831a362000 ---p 00017000 08:01 19665123                   /usr/lib/jvm/java-8-openjdk-amd64/jre/lib/amd64/libnet.so
7f831a362000-7f831a363000 r--p 00016000 08:01 19665123                   /usr/lib/jvm/java-8-openjdk-amd64/jre/lib/amd64/libnet.so
7f831a363000-7f831a364000 rw-p 00017000 08:01 19665123                   /usr/lib/jvm/java-8-openjdk-amd64/jre/lib/amd64/libnet.so
7f831a364000-7f831a367000 ---p 00000000 00:00 0 
7f831a367000-7f831a465000 rw-p 00000000 00:00 0 
7f831a465000-7f831a468000 ---p 00000000 00:00 0 
7f831a468000-7f831a566000 rw-p 00000000 00:00 0 
7f831a566000-7f831a569000 ---p 00000000 00:00 0 
7f831a569000-7f831a667000 rw-p 00000000 00:00 0 
7f831a667000-7f831a669000 r--s 0001a000 08:01 13238475                   /opt/intellij-idea-community/lib/idea_rt.jar
7f831a669000-7f831a66a000 r--s 0021a000 08:01 17433866                   /home/wilson/.ivy2/cache/com.badlogicgames.gdx/gdx-freetype-platform/jars/gdx-freetype-platform-1.9.6-natives-desktop.jar
7f831a66a000-7f831a66b000 r--s 000fb000 08:01 17433876                   /home/wilson/.ivy2/cache/com.badlogicgames.gdx/gdx-box2d-platform/jars/gdx-box2d-platform-1.9.6-natives-desktop.jar
7f831a66b000-7f831a66d000 r--s 0000a000 08:01 17434190                   /home/wilson/.ivy2/cache/org.usb4java/usb4java/jars/usb4java-1.2.0.jar
7f831a66d000-7f831a66e000 r--s 00013000 08:01 17434219                   /home/wilson/.ivy2/cache/org.usb4java/libusb4java/jars/libusb4java-1.2.0-windows-x86_64.jar
7f831a66e000-7f831a670000 r--s 00019000 08:01 17434214                   /home/wilson/.ivy2/cache/org.usb4java/libusb4java/jars/libusb4java-1.2.0-windows-x86.jar
7f831a670000-7f831a671000 r--s 0000c000 08:01 17434220                   /home/wilson/.ivy2/cache/org.usb4java/libusb4java/jars/libusb4java-1.2.0-osx-x86_64.jar
7f831a671000-7f831a672000 r--s 0000c000 08:01 17434217                   /home/wilson/.ivy2/cache/org.usb4java/libusb4java/jars/libusb4java-1.2.0-osx-x86.jar
7f831a672000-7f831a673000 r--s 0001a000 08:01 17434215                   /home/wilson/.ivy2/cache/org.usb4java/libusb4java/jars/libusb4java-1.2.0-linux-x86_64.jar
7f831a673000-7f831a675000 r--s 0001b000 08:01 17434218                   /home/wilson/.ivy2/cache/org.usb4java/libusb4java/jars/libusb4java-1.2.0-linux-x86.jar
7f831a675000-7f831a676000 r--s 00015000 08:01 17434216                   /home/wilson/.ivy2/cache/org.usb4java/libusb4java/jars/libusb4java-1.2.0-linux-arm.jar
7f831a676000-7f831a677000 r--s 00000000 08:01 17434212                   /home/wilson/.ivy2/cache/org.typelevel/macro-compat_2.12/jars/macro-compat_2.12-1.1.1.jar
7f831a677000-7f831a67f000 r--s 000ce000 08:01 17434194                   /home/wilson/.ivy2/cache/org.scodec/scodec-core_2.12/bundles/scodec-core_2.12-1.10.3.jar
7f831a67f000-7f831a682000 r--s 00035000 08:01 17434208                   /home/wilson/.ivy2/cache/org.scodec/scodec-bits_2.12/bundles/scodec-bits_2.12-1.1.2.jar
7f831a682000-7f831a683000 r--s 00000000 08:01 17434204                   /home/wilson/.ivy2/cache/org.reactivestreams/reactive-streams/jars/reactive-streams-1.0.0.jar
7f831a683000-7f831a687000 r--s 0002a000 08:01 17434206                   /home/wilson/.ivy2/cache/org.jctools/jctools-core/bundles/jctools-core-2.0.1.jar
7f831a687000-7f831a68e000 r--s 00058000 08:01 17434221                   /home/wilson/.ivy2/cache/org.apache.commons/commons-lang3/jars/commons-lang3-3.2.1.jar
7f831a68e000-7f831a691000 r--s 00019000 08:01 17434196                   /home/wilson/.ivy2/cache/io.monix/monix-types_2.12/jars/monix-types_2.12-2.3.0.jar
7f831a691000-7f831a6a1000 r--s 001ff000 08:01 17434202                   /home/wilson/.ivy2/cache/io.monix/monix-reactive_2.12/jars/monix-reactive_2.12-2.3.0.jar
7f831a6a1000-7f831a6ae000 r--s 000a9000 08:01 17434198                   /home/wilson/.ivy2/cache/io.monix/monix-execution_2.12/jars/monix-execution_2.12-2.3.0.jar
7f831a6ae000-7f831a6b3000 r--s 00045000 08:01 17434200                   /home/wilson/.ivy2/cache/io.monix/monix-eval_2.12/jars/monix-eval_2.12-2.3.0.jar
7f831a6b3000-7f831a6b5000 r--s 0001a000 08:01 17434186                   /home/wilson/.ivy2/cache/io.device/device-usb_2.12/jars/device-usb_2.12-0.5.8.jar
7f831a6b5000-7f831a6b6000 r--s 0000f000 08:01 17434188                   /home/wilson/.ivy2/cache/io.device/device-io_2.12/jars/device-io_2.12-0.5.8.jar
7f831a6b6000-7f831a6b7000 r--s 00005000 08:01 17434192                   /home/wilson/.ivy2/cache/io.device/device-domain_2.12/jars/device-domain_2.12-0.5.8.jar
7f831a6b7000-7f831a6e2000 r--s 00288000 08:01 17434210                   /home/wilson/.ivy2/cache/com.chuusai/shapeless_2.12/bundles/shapeless_2.12-2.3.2.jar
7f831a6e2000-7f831a6e4000 r--s 0000a000 08:01 17434363                   /home/wilson/.ivy2/cache/com.badlogicgames.ashley/ashley/jars/ashley-1.7.3.jar
7f831a6e4000-7f831a6e6000 r--s 00008000 08:01 17434365                   /home/wilson/.ivy2/cache/com.badlogicgames.box2dlights/box2dlights/jars/box2dlights-1.4.jar
7f831a6e6000-7f831a702000 r--s 001b3000 08:01 17433903                   /home/wilson/.ivy2/cache/com.badlogicgames.gdx/gdx/jars/gdx-1.9.6.jar
7f831a702000-7f831a705000 r--s 0001a000 08:01 17433905                   /home/wilson/.ivy2/cache/com.badlogicgames.gdx/gdx-backend-lwjgl3/jars/gdx-backend-lwjgl3-1.9.6.jar
7f831a705000-7f831a707000 r--s 00010000 08:01 17434369                   /home/wilson/.ivy2/cache/com.badlogicgames.gdx/gdx-box2d/jars/gdx-box2d-1.9.6.jar
7f831a707000-7f831a708000 r--s 00009000 08:01 17434367                   /home/wilson/.ivy2/cache/com.badlogicgames.gdx/gdx-freetype/jars/gdx-freetype-1.9.6.jar
7f831a708000-7f831a709000 r--s 00015000 08:01 17433933                   /home/wilson/.ivy2/cache/com.badlogicgames.jlayer/jlayer/jars/jlayer-1.0.1-gdx.jar
7f831a709000-7f831a70c000 r--s 0001b000 08:01 17434371                   /home/wilson/.ivy2/cache/com.lihaoyi/scalarx_2.12/jars/scalarx_2.12-0.3.2.jar
7f831a70c000-7f831a70d000 r--s 00006000 08:01 17433899                   /home/wilson/.ivy2/cache/io.display/display-desktop_2.12/jars/display-desktop_2.12-0.7.3.jar
7f831a70d000-7f831a710000 r--s 00013000 08:01 17433909                   /home/wilson/.ivy2/cache/io.display/display-domain_2.12/jars/display-domain_2.12-0.7.3.jar
7f831a710000-7f831a718000 r--s 00060000 08:01 17434361                   /home/wilson/.ivy2/cache/io.display/display-ecs_2.12/jars/display-ecs_2.12-0.7.3.jar
7f831a718000-7f831a71a000 r--s 00009000 08:01 17433901                   /home/wilson/.ivy2/cache/io.display/display-gdx_2.12/jars/display-gdx_2.12-0.7.3.jar
7f831a71a000-7f831a71c000 r--s 00009000 08:01 17433907                   /home/wilson/.ivy2/cache/io.display/display-io_2.12/jars/display-io_2.12-0.7.3.jar
7f831a71c000-7f831a71e000 r--s 00017000 08:01 17433935                   /home/wilson/.ivy2/cache/org.jcraft/jorbis/jars/jorbis-0.0.17.jar
7f831a71e000-7f831a722000 r--s 0003e000 08:01 17433914                   /home/wilson/.ivy2/cache/org.lwjgl/lwjgl/jars/lwjgl-3.1.0.jar
7f831a722000-7f831a723000 r--s 0000f000 08:01 17433913                   /home/wilson/.ivy2/cache/org.lwjgl/lwjgl/jars/lwjgl-3.1.0-natives-linux.jar
7f831a723000-7f831a724000 r--s 00009000 08:01 17433912                   /home/wilson/.ivy2/cache/org.lwjgl/lwjgl/jars/lwjgl-3.1.0-natives-macos.jar
7f831a724000-7f831a725000 r--s 00036000 08:01 17433911                   /home/wilson/.ivy2/cache/org.lwjgl/lwjgl/jars/lwjgl-3.1.0-natives-windows.jar
7f831a725000-7f831a728000 r--s 00015000 08:01 17433918                   /home/wilson/.ivy2/cache/org.lwjgl/lwjgl-glfw/jars/lwjgl-glfw-3.1.0.jar
7f831a728000-7f831a729000 r--s 0000b000 08:01 17433919                   /home/wilson/.ivy2/cache/org.lwjgl/lwjgl-glfw/jars/lwjgl-glfw-3.1.0-natives-linux.jar
7f831a729000-7f831a72a000 r--s 00009000 08:01 17433917                   /home/wilson/.ivy2/cache/org.lwjgl/lwjgl-glfw/jars/lwjgl-glfw-3.1.0-natives-macos.jar
7f831a72a000-7f831a72b000 r--s 00036000 08:01 17433916                   /home/wilson/.ivy2/cache/org.lwjgl/lwjgl-glfw/jars/lwjgl-glfw-3.1.0-natives-windows.jar
7f831a72b000-7f831a72d000 r--s 00007000 08:01 17433921                   /home/wilson/.ivy2/cache/org.lwjgl/lwjgl-jemalloc/jars/lwjgl-jemalloc-3.1.0.jar
7f831a72d000-7f831a72e000 r--s 00018000 08:01 17433922                   /home/wilson/.ivy2/cache/org.lwjgl/lwjgl-jemalloc/jars/lwjgl-jemalloc-3.1.0-natives-linux.jar
7f831a72e000-7f831a72f000 r--s 00014000 08:01 17433924                   /home/wilson/.ivy2/cache/org.lwjgl/lwjgl-jemalloc/jars/lwjgl-jemalloc-3.1.0-natives-macos.jar
7f831a72f000-7f831a730000 r--s 0002b000 08:01 17433923                   /home/wilson/.ivy2/cache/org.lwjgl/lwjgl-jemalloc/jars/lwjgl-jemalloc-3.1.0-natives-windows.jar
7f831a730000-7f831a732000 r--s 00010000 08:01 17433928                   /home/wilson/.ivy2/cache/org.lwjgl/lwjgl-openal/jars/lwjgl-openal-3.1.0.jar
7f831a732000-7f831a733000 r--s 00044000 08:01 17433931                   /home/wilson/.ivy2/cache/org.lwjgl/lwjgl-openal/jars/lwjgl-openal-3.1.0-natives-linux.jar
7f831a733000-7f831a735000 r--s 0003c000 08:01 17433930                   /home/wilson/.ivy2/cache/org.lwjgl/lwjgl-openal/jars/lwjgl-openal-3.1.0-natives-macos.jar
7f831a735000-7f831a73f000 r--s 000c9000 08:01 17433926                   /home/wilson/.ivy2/cache/org.lwjgl/lwjgl-opengl/jars/lwjgl-opengl-3.1.0.jar
7f831a73f000-7f831a741000 r--s 00030000 08:01 17433836                   /home/wilson/.ivy2/cache/com.github.pathikrit/better-files_2.12/jars/better-files_2.12-3.2.0.jar
7f831a741000-7f831a778000 r--s 004ca000 08:01 17304914                   /home/wilson/.ivy2/cache/org.scala-lang/scala-library/jars/scala-library-2.12.3.jar
7f831a778000-7f831a77c000 r--s 00032000 08:01 18626443                   /home/wilson/.ivy2/cache/com.typesafe/config/bundles/config-1.2.1.jar
7f831a77c000-7f831a77e000 r--s 000cf000 08:01 17433855                   /home/wilson/.ivy2/cache/com.badlogicgames.gdx/gdx-platform/jars/gdx-platform-1.9.6-natives-desktop.jar
7f831a77e000-7f831a791000 r--s 00346000 08:01 19665143                   /usr/lib/jvm/java-8-openjdk-amd64/jre/lib/resources.jar
7f831a791000-7f831a796000 r--s 0009a000 08:01 19665139                   /usr/lib/jvm/java-8-openjdk-amd64/jre/lib/jsse.jar
7f831a796000-7f831a799000 r--s 00015000 08:01 19665137                   /usr/lib/jvm/java-8-openjdk-amd64/jre/lib/jce.jar
7f831a799000-7f831a7b4000 r--s 001d6000 08:01 19926097                   /usr/lib/jvm/java-8-openjdk-amd64/jre/lib/ext/nashorn.jar
7f831a7b4000-7f831a7be000 r--s 00116000 08:01 19926096                   /usr/lib/jvm/java-8-openjdk-amd64/jre/lib/ext/localedata.jar
7f831a7be000-7f831a7c1000 ---p 00000000 00:00 0 
7f831a7c1000-7f831a8bf000 rw-p 00000000 00:00 0 
7f831a8bf000-7f831ab9a000 r--p 00000000 08:01 19400593                   /usr/lib/locale/locale-archive
7f831ab9a000-7f831ab9d000 ---p 00000000 00:00 0 
7f831ab9d000-7f831ac9b000 rw-p 00000000 00:00 0 
7f831ac9b000-7f831ac9e000 ---p 00000000 00:00 0 
7f831ac9e000-7f831ad9c000 rw-p 00000000 00:00 0 
7f831ad9c000-7f831ad9d000 ---p 00000000 00:00 0 
7f831ad9d000-7f831bdac000 rw-p 00000000 00:00 0 
7f831bdac000-7f831bf7a000 r--s 03c13000 08:01 19665144                   /usr/lib/jvm/java-8-openjdk-amd64/jre/lib/rt.jar
7f831bf7a000-7f832096a000 rw-p 00000000 00:00 0 
7f832096a000-7f832096b000 ---p 00000000 00:00 0 
7f832096b000-7f8320a6b000 rw-p 00000000 00:00 0 
7f8320a6b000-7f8320a6c000 ---p 00000000 00:00 0 
7f8320a6c000-7f8320b6c000 rw-p 00000000 00:00 0 
7f8320b6c000-7f8320b6d000 ---p 00000000 00:00 0 
7f8320b6d000-7f8320c6d000 rw-p 00000000 00:00 0 
7f8320c6d000-7f8320c6e000 ---p 00000000 00:00 0 
7f8320c6e000-7f8320d98000 rw-p 00000000 00:00 0 
7f8320d98000-7f8321000000 ---p 00000000 00:00 0 
7f8321000000-7f8321350000 rwxp 00000000 00:00 0 
7f8321350000-7f8330000000 ---p 00000000 00:00 0 
7f8330000000-7f83320e4000 rw-p 00000000 00:00 0 
7f83320e4000-7f8334000000 ---p 00000000 00:00 0 
7f8334000000-7f833401b000 r--s 00394000 08:01 19926092                   /usr/lib/jvm/java-8-openjdk-amd64/jre/lib/ext/cldrdata.jar
7f833401b000-7f8334045000 rw-p 00000000 00:00 0 
7f8334045000-7f83342ac000 ---p 00000000 00:00 0 
7f83342ac000-7f83342c1000 rw-p 00000000 00:00 0 
7f83342c1000-7f83343f5000 ---p 00000000 00:00 0 
7f83343f5000-7f8334404000 rw-p 00000000 00:00 0 
7f8334404000-7f83347b6000 ---p 00000000 00:00 0 
7f83347b6000-7f83347be000 r-xp 00000000 08:01 19665131                   /usr/lib/jvm/java-8-openjdk-amd64/jre/lib/amd64/libzip.so
7f83347be000-7f83349bd000 ---p 00008000 08:01 19665131                   /usr/lib/jvm/java-8-openjdk-amd64/jre/lib/amd64/libzip.so
7f83349bd000-7f83349be000 r--p 00007000 08:01 19665131                   /usr/lib/jvm/java-8-openjdk-amd64/jre/lib/amd64/libzip.so
7f83349be000-7f83349bf000 rw-p 00008000 08:01 19665131                   /usr/lib/jvm/java-8-openjdk-amd64/jre/lib/amd64/libzip.so
7f83349bf000-7f83349ca000 r-xp 00000000 08:01 19136605                   /lib/x86_64-linux-gnu/libnss_files-2.24.so
7f83349ca000-7f8334bc9000 ---p 0000b000 08:01 19136605                   /lib/x86_64-linux-gnu/libnss_files-2.24.so
7f8334bc9000-7f8334bca000 r--p 0000a000 08:01 19136605                   /lib/x86_64-linux-gnu/libnss_files-2.24.so
7f8334bca000-7f8334bcb000 rw-p 0000b000 08:01 19136605                   /lib/x86_64-linux-gnu/libnss_files-2.24.so
7f8334bcb000-7f8334bd1000 rw-p 00000000 00:00 0 
7f8334bd1000-7f8334bdc000 r-xp 00000000 08:01 19136607                   /lib/x86_64-linux-gnu/libnss_nis-2.24.so
7f8334bdc000-7f8334ddb000 ---p 0000b000 08:01 19136607                   /lib/x86_64-linux-gnu/libnss_nis-2.24.so
7f8334ddb000-7f8334ddc000 r--p 0000a000 08:01 19136607                   /lib/x86_64-linux-gnu/libnss_nis-2.24.so
7f8334ddc000-7f8334ddd000 rw-p 0000b000 08:01 19136607                   /lib/x86_64-linux-gnu/libnss_nis-2.24.so
7f8334ddd000-7f8334df3000 r-xp 00000000 08:01 19136602                   /lib/x86_64-linux-gnu/libnsl-2.24.so
7f8334df3000-7f8334ff2000 ---p 00016000 08:01 19136602                   /lib/x86_64-linux-gnu/libnsl-2.24.so
7f8334ff2000-7f8334ff3000 r--p 00015000 08:01 19136602                   /lib/x86_64-linux-gnu/libnsl-2.24.so
7f8334ff3000-7f8334ff4000 rw-p 00016000 08:01 19136602                   /lib/x86_64-linux-gnu/libnsl-2.24.so
7f8334ff4000-7f8334ff6000 rw-p 00000000 00:00 0 
7f8334ff6000-7f8334ffe000 r-xp 00000000 08:01 19136603                   /lib/x86_64-linux-gnu/libnss_compat-2.24.so
7f8334ffe000-7f83351fd000 ---p 00008000 08:01 19136603                   /lib/x86_64-linux-gnu/libnss_compat-2.24.so
7f83351fd000-7f83351fe000 r--p 00007000 08:01 19136603                   /lib/x86_64-linux-gnu/libnss_compat-2.24.so
7f83351fe000-7f83351ff000 rw-p 00008000 08:01 19136603                   /lib/x86_64-linux-gnu/libnss_compat-2.24.so
7f83351ff000-7f8335209000 r-xp 00000000 08:01 19665107                   /usr/lib/jvm/java-8-openjdk-amd64/jre/lib/amd64/libinstrument.so
7f8335209000-7f8335408000 ---p 0000a000 08:01 19665107                   /usr/lib/jvm/java-8-openjdk-amd64/jre/lib/amd64/libinstrument.so
7f8335408000-7f8335409000 r--p 00009000 08:01 19665107                   /usr/lib/jvm/java-8-openjdk-amd64/jre/lib/amd64/libinstrument.so
7f8335409000-7f833540a000 rw-p 0000a000 08:01 19665107                   /usr/lib/jvm/java-8-openjdk-amd64/jre/lib/amd64/libinstrument.so
7f833540a000-7f8335437000 r-xp 00000000 08:01 19665112                   /usr/lib/jvm/java-8-openjdk-amd64/jre/lib/amd64/libjava.so
7f8335437000-7f8335636000 ---p 0002d000 08:01 19665112                   /usr/lib/jvm/java-8-openjdk-amd64/jre/lib/amd64/libjava.so
7f8335636000-7f8335637000 r--p 0002c000 08:01 19665112                   /usr/lib/jvm/java-8-openjdk-amd64/jre/lib/amd64/libjava.so
7f8335637000-7f8335639000 rw-p 0002d000 08:01 19665112                   /usr/lib/jvm/java-8-openjdk-amd64/jre/lib/amd64/libjava.so
7f8335639000-7f8335648000 r-xp 00000000 08:01 19665130                   /usr/lib/jvm/java-8-openjdk-amd64/jre/lib/amd64/libverify.so
7f8335648000-7f8335848000 ---p 0000f000 08:01 19665130                   /usr/lib/jvm/java-8-openjdk-amd64/jre/lib/amd64/libverify.so
7f8335848000-7f833584a000 r--p 0000f000 08:01 19665130                   /usr/lib/jvm/java-8-openjdk-amd64/jre/lib/amd64/libverify.so
7f833584a000-7f833584b000 rw-p 00011000 08:01 19665130                   /usr/lib/jvm/java-8-openjdk-amd64/jre/lib/amd64/libverify.so
7f833584b000-7f8335852000 r-xp 00000000 08:01 19141016                   /lib/x86_64-linux-gnu/librt-2.24.so
7f8335852000-7f8335a51000 ---p 00007000 08:01 19141016                   /lib/x86_64-linux-gnu/librt-2.24.so
7f8335a51000-7f8335a52000 r--p 00006000 08:01 19141016                   /lib/x86_64-linux-gnu/librt-2.24.so
7f8335a52000-7f8335a53000 rw-p 00007000 08:01 19141016                   /lib/x86_64-linux-gnu/librt-2.24.so
7f8335a53000-7f8335a69000 r-xp 00000000 08:01 19141123                   /lib/x86_64-linux-gnu/libgcc_s.so.1
7f8335a69000-7f8335c68000 ---p 00016000 08:01 19141123                   /lib/x86_64-linux-gnu/libgcc_s.so.1
7f8335c68000-7f8335c69000 r--p 00015000 08:01 19141123                   /lib/x86_64-linux-gnu/libgcc_s.so.1
7f8335c69000-7f8335c6a000 rw-p 00016000 08:01 19141123                   /lib/x86_64-linux-gnu/libgcc_s.so.1
7f8335c6a000-7f8335d72000 r-xp 00000000 08:01 19136599                   /lib/x86_64-linux-gnu/libm-2.24.so
7f8335d72000-7f8335f71000 ---p 00108000 08:01 19136599                   /lib/x86_64-linux-gnu/libm-2.24.so
7f8335f71000-7f8335f72000 r--p 00107000 08:01 19136599                   /lib/x86_64-linux-gnu/libm-2.24.so
7f8335f72000-7f8335f73000 rw-p 00108000 08:01 19136599                   /lib/x86_64-linux-gnu/libm-2.24.so
7f8335f73000-7f83360ec000 r-xp 00000000 08:01 19538047                   /usr/lib/x86_64-linux-gnu/libstdc++.so.6.0.22
7f83360ec000-7f83362eb000 ---p 00179000 08:01 19538047                   /usr/lib/x86_64-linux-gnu/libstdc++.so.6.0.22
7f83362eb000-7f83362f5000 r--p 00178000 08:01 19538047                   /usr/lib/x86_64-linux-gnu/libstdc++.so.6.0.22
7f83362f5000-7f83362f7000 rw-p 00182000 08:01 19538047                   /usr/lib/x86_64-linux-gnu/libstdc++.so.6.0.22
7f83362f7000-7f83362fb000 rw-p 00000000 00:00 0 
7f83362fb000-7f8336f55000 r-xp 00000000 08:01 19798148                   /usr/lib/jvm/java-8-openjdk-amd64/jre/lib/amd64/server/libjvm.so
7f8336f55000-7f8337154000 ---p 00c5a000 08:01 19798148                   /usr/lib/jvm/java-8-openjdk-amd64/jre/lib/amd64/server/libjvm.so
7f8337154000-7f83371e7000 r--p 00c59000 08:01 19798148                   /usr/lib/jvm/java-8-openjdk-amd64/jre/lib/amd64/server/libjvm.so
7f83371e7000-7f8337210000 rw-p 00cec000 08:01 19798148                   /usr/lib/jvm/java-8-openjdk-amd64/jre/lib/amd64/server/libjvm.so
7f8337210000-7f8337240000 rw-p 00000000 00:00 0 
7f8337240000-7f8337258000 r-xp 00000000 08:01 19140960                   /lib/x86_64-linux-gnu/libpthread-2.24.so
7f8337258000-7f8337458000 ---p 00018000 08:01 19140960                   /lib/x86_64-linux-gnu/libpthread-2.24.so
7f8337458000-7f8337459000 r--p 00018000 08:01 19140960                   /lib/x86_64-linux-gnu/libpthread-2.24.so
7f8337459000-7f833745a000 rw-p 00019000 08:01 19140960                   /lib/x86_64-linux-gnu/libpthread-2.24.so
7f833745a000-7f833745e000 rw-p 00000000 00:00 0 
7f833745e000-7f8337461000 r-xp 00000000 08:01 19136598                   /lib/x86_64-linux-gnu/libdl-2.24.so
7f8337461000-7f8337660000 ---p 00003000 08:01 19136598                   /lib/x86_64-linux-gnu/libdl-2.24.so
7f8337660000-7f8337661000 r--p 00002000 08:01 19136598                   /lib/x86_64-linux-gnu/libdl-2.24.so
7f8337661000-7f8337662000 rw-p 00003000 08:01 19136598                   /lib/x86_64-linux-gnu/libdl-2.24.so
7f8337662000-7f833767d000 r-xp 00000000 08:01 19141266                   /lib/x86_64-linux-gnu/libz.so.1.2.11
7f833767d000-7f833787c000 ---p 0001b000 08:01 19141266                   /lib/x86_64-linux-gnu/libz.so.1.2.11
7f833787c000-7f833787d000 r--p 0001a000 08:01 19141266                   /lib/x86_64-linux-gnu/libz.so.1.2.11
7f833787d000-7f833787e000 rw-p 0001b000 08:01 19141266                   /lib/x86_64-linux-gnu/libz.so.1.2.11
7f833787e000-7f8337a3c000 r-xp 00000000 08:01 19136595                   /lib/x86_64-linux-gnu/libc-2.24.so
7f8337a3c000-7f8337c3b000 ---p 001be000 08:01 19136595                   /lib/x86_64-linux-gnu/libc-2.24.so
7f8337c3b000-7f8337c3f000 r--p 001bd000 08:01 19136595                   /lib/x86_64-linux-gnu/libc-2.24.so
7f8337c3f000-7f8337c41000 rw-p 001c1000 08:01 19136595                   /lib/x86_64-linux-gnu/libc-2.24.so
7f8337c41000-7f8337c45000 rw-p 00000000 00:00 0 
7f8337c45000-7f8337c52000 r-xp 00000000 08:01 19665098                   /usr/lib/jvm/java-8-openjdk-amd64/jre/lib/amd64/jli/libjli.so
7f8337c52000-7f8337e52000 ---p 0000d000 08:01 19665098                   /usr/lib/jvm/java-8-openjdk-amd64/jre/lib/amd64/jli/libjli.so
7f8337e52000-7f8337e53000 r--p 0000d000 08:01 19665098                   /usr/lib/jvm/java-8-openjdk-amd64/jre/lib/amd64/jli/libjli.so
7f8337e53000-7f8337e54000 rw-p 0000e000 08:01 19665098                   /usr/lib/jvm/java-8-openjdk-amd64/jre/lib/amd64/jli/libjli.so
7f8337e54000-7f8337e7a000 r-xp 00000000 08:01 19136527                   /lib/x86_64-linux-gnu/ld-2.24.so
7f8337e7a000-7f8337e7b000 r--s 000b6000 08:01 17433929                   /home/wilson/.ivy2/cache/org.lwjgl/lwjgl-openal/jars/lwjgl-openal-3.1.0-natives-windows.jar
7f8337e7b000-7f8337e7c000 r--s 00000000 08:01 19665141                   /usr/lib/jvm/java-8-openjdk-amd64/jre/lib/management-agent.jar
7f8337e7c000-7f8337e7e000 r--s 00007000 08:01 20058252                   /usr/share/java/java-atk-wrapper.jar
7f8337e7e000-7f8337e83000 r--s 002f9000 08:01 19665132                   /usr/lib/jvm/java-8-openjdk-amd64/jre/lib/charsets.jar
7f8337e83000-7f8337f53000 rw-p 00000000 00:00 0 
7f8337f53000-7f8337f56000 ---p 00000000 00:00 0 
7f8337f56000-7f8338058000 rw-p 00000000 00:00 0 
7f8338058000-7f833805a000 r--s 00001000 08:01 19926093                   /usr/lib/jvm/java-8-openjdk-amd64/jre/lib/ext/dnsns.jar
7f833805a000-7f833805d000 r--s 0000f000 08:01 19926094                   /usr/lib/jvm/java-8-openjdk-amd64/jre/lib/ext/icedtea-sound.jar
7f833805d000-7f833805e000 r--s 0000a000 08:01 19926095                   /usr/lib/jvm/java-8-openjdk-amd64/jre/lib/ext/jaccess.jar
7f833805e000-7f8338063000 r--s 0003b000 08:01 19926099                   /usr/lib/jvm/java-8-openjdk-amd64/jre/lib/ext/sunjce_provider.jar
7f8338063000-7f8338064000 r--s 00010000 08:01 19926101                   /usr/lib/jvm/java-8-openjdk-amd64/jre/lib/ext/zipfs.jar
7f8338064000-7f8338066000 r--s 00007000 08:01 20058252                   /usr/share/java/java-atk-wrapper.jar
7f8338066000-7f833806a000 r--s 00037000 08:01 19926100                   /usr/lib/jvm/java-8-openjdk-amd64/jre/lib/ext/sunpkcs11.jar
7f833806a000-7f833806c000 r--s 00008000 08:01 19926098                   /usr/lib/jvm/java-8-openjdk-amd64/jre/lib/ext/sunec.jar
7f833806c000-7f8338074000 rw-s 00000000 08:01 24903720                   /tmp/hsperfdata_wilson/8962
7f8338074000-7f8338075000 rw-p 00000000 00:00 0 
7f8338075000-7f8338076000 r--p 00000000 00:00 0 
7f8338076000-7f8338079000 rw-p 00000000 00:00 0 
7f8338079000-7f833807a000 r--p 00025000 08:01 19136527                   /lib/x86_64-linux-gnu/ld-2.24.so
7f833807a000-7f833807b000 rw-p 00026000 08:01 19136527                   /lib/x86_64-linux-gnu/ld-2.24.so
7f833807b000-7f833807c000 rw-p 00000000 00:00 0 
7ffcbf944000-7ffcbf966000 rw-p 00000000 00:00 0                          [stack]
7ffcbf9e4000-7ffcbf9e6000 r--p 00000000 00:00 0                          [vvar]
7ffcbf9e6000-7ffcbf9e8000 r-xp 00000000 00:00 0                          [vdso]
ffffffffff600000-ffffffffff601000 r-xp 00000000 00:00 0                  [vsyscall]

VM Arguments:
jvm_args: -javaagent:/opt/intellij-idea-community/lib/idea_rt.jar=37971:/opt/intellij-idea-community/bin -Dfile.encoding=UTF-8 
java_command: roulette.BillboardApp
java_class_path (initial): /usr/lib/jvm/java-1.8.0-openjdk-amd64/jre/lib/charsets.jar:/usr/lib/jvm/java-1.8.0-openjdk-amd64/jre/lib/ext/cldrdata.jar:/usr/lib/jvm/java-1.8.0-openjdk-amd64/jre/lib/ext/dnsns.jar:/usr/lib/jvm/java-1.8.0-openjdk-amd64/jre/lib/ext/icedtea-sound.jar:/usr/lib/jvm/java-1.8.0-openjdk-amd64/jre/lib/ext/jaccess.jar:/usr/lib/jvm/java-1.8.0-openjdk-amd64/jre/lib/ext/java-atk-wrapper.jar:/usr/lib/jvm/java-1.8.0-openjdk-amd64/jre/lib/ext/localedata.jar:/usr/lib/jvm/java-1.8.0-openjdk-amd64/jre/lib/ext/nashorn.jar:/usr/lib/jvm/java-1.8.0-openjdk-amd64/jre/lib/ext/sunec.jar:/usr/lib/jvm/java-1.8.0-openjdk-amd64/jre/lib/ext/sunjce_provider.jar:/usr/lib/jvm/java-1.8.0-openjdk-amd64/jre/lib/ext/sunpkcs11.jar:/usr/lib/jvm/java-1.8.0-openjdk-amd64/jre/lib/ext/zipfs.jar:/usr/lib/jvm/java-1.8.0-openjdk-amd64/jre/lib/jce.jar:/usr/lib/jvm/java-1.8.0-openjdk-amd64/jre/lib/jsse.jar:/usr/lib/jvm/java-1.8.0-openjdk-amd64/jre/lib/management-agent.jar:/usr/lib/jvm/java-1.8.0-openjdk-amd64/jre/lib/resources.jar:/usr/lib/jvm/java-1.8.0-openjdk-amd64/jre/lib/rt.jar:/home/wilson/IdeaProjects/billboard/target/scala-2.12/classes:/home/wilson/.ivy2/cache/com.badlogicgames.gdx/gdx-platform/jars/gdx-platform-1.9.6-natives-desktop.jar:/home/wilson/.ivy2/cache/com.typesafe/config/bundles/config-1.2.1.jar:/home/wilson/.ivy2/cache/org.scala-lang/scala-library/jars/scala-library-2.12.3.jar:/home/wilson/.ivy2/cache/com.github.pathikrit/better-files_2.12/jars/better-files_2.12-3.2.0.jar:/home/wilson/.ivy2/cache/org.lwjgl/lwjgl-opengl/jars/lwjgl-opengl-3.1.0.jar:/home/wilson/.ivy2/cache/org.lwjgl/lwjgl-openal/jars/lwjgl-openal-3.1.0-natives-windows.jar:/home/wilson/.ivy2/cache/org.lwjgl/lwjgl-openal/jars/lwjgl-openal-3.1.0-natives-macos.jar:/home/wilson/.ivy2/cache/org.lwjgl/lwjgl-openal/jars/lwjgl-openal-3.1.0-natives-linux.jar:/home/wilson/.ivy2/cache/org.lwjgl/lwjgl-openal/jars/lwjgl-openal-3.1.0.jar:/home/wilson/.ivy2/cache/org.lwjgl/lwjgl-jemalloc/jars/lwjgl-jemalloc-3.1.0-n
Launcher Type: SUN_STANDARD

Environment Variables:
PATH=/usr/local/sbin:/usr/local/bin:/usr/sbin:/usr/bin:/sbin:/bin:/usr/games:/usr/local/games:/snap/bin
LD_LIBRARY_PATH=/opt/intellij-idea-community/bin:
SHELL=/bin/bash
DISPLAY=:0.0

Signal Handlers:
SIGSEGV: [libjvm.so+0xa70490], sa_mask[0]=11111111011111111101111111111110, sa_flags=SA_RESTART|SA_SIGINFO
SIGBUS: [libjvm.so+0xa70490], sa_mask[0]=11111111011111111101111111111110, sa_flags=SA_RESTART|SA_SIGINFO
SIGFPE: [libjvm.so+0x8b9fc0], sa_mask[0]=11111111011111111101111111111110, sa_flags=SA_RESTART|SA_SIGINFO
SIGPIPE: [libjvm.so+0x8b9fc0], sa_mask[0]=11111111011111111101111111111110, sa_flags=SA_RESTART|SA_SIGINFO
SIGXFSZ: [libjvm.so+0x8b9fc0], sa_mask[0]=11111111011111111101111111111110, sa_flags=SA_RESTART|SA_SIGINFO
SIGILL: [libjvm.so+0x8b9fc0], sa_mask[0]=11111111011111111101111111111110, sa_flags=SA_RESTART|SA_SIGINFO
SIGUSR1: SIG_DFL, sa_mask[0]=00000000000000000000000000000000, sa_flags=none
SIGUSR2: [libjvm.so+0x8b9e70], sa_mask[0]=00100000000000000000000000000000, sa_flags=SA_RESTART|SA_SIGINFO
SIGHUP: [libjvm.so+0x8ba320], sa_mask[0]=11111111011111111101111111111110, sa_flags=SA_RESTART|SA_SIGINFO
SIGINT: [libjvm.so+0x8ba320], sa_mask[0]=11111111011111111101111111111110, sa_flags=SA_RESTART|SA_SIGINFO
SIGTERM: [libjvm.so+0x8ba320], sa_mask[0]=11111111011111111101111111111110, sa_flags=SA_RESTART|SA_SIGINFO
SIGQUIT: [libjvm.so+0x8ba320], sa_mask[0]=11111111011111111101111111111110, sa_flags=SA_RESTART|SA_SIGINFO


---------------  S Y S T E M  ---------------

OS:DISTRIB_ID=Ubuntu
DISTRIB_RELEASE=17.04
DISTRIB_CODENAME=zesty
DISTRIB_DESCRIPTION="Ubuntu 17.04"

uname:Linux 4.10.0-37-generic #41-Ubuntu SMP Fri Oct 6 20:20:37 UTC 2017 x86_64
libc:glibc 2.24 NPTL 2.24 
rlimit: STACK 8192k, CORE 0k, NPROC 31366, NOFILE 1048576, AS infinity
load average:5.74 2.93 2.84

/proc/meminfo:
MemTotal:        8075392 kB
MemFree:         3063164 kB
MemAvailable:    4060140 kB
Buffers:           76272 kB
Cached:          1210980 kB
SwapCached:            0 kB
Active:          3696348 kB
Inactive:        1067400 kB
Active(anon):    3149300 kB
Inactive(anon):   442640 kB
Active(file):     547048 kB
Inactive(file):   624760 kB
Unevictable:           0 kB
Mlocked:               0 kB
SwapTotal:       2097148 kB
SwapFree:        2097148 kB
Dirty:             10504 kB
Writeback:             0 kB
AnonPages:       3361640 kB
Mapped:           330208 kB
Shmem:            115448 kB
Slab:             150160 kB
SReclaimable:      89020 kB
SUnreclaim:        61140 kB
KernelStack:        9152 kB
PageTables:        29328 kB
NFS_Unstable:          0 kB
Bounce:                0 kB
WritebackTmp:          0 kB
CommitLimit:     6134844 kB
Committed_AS:    6262728 kB
VmallocTotal:   34359738367 kB
VmallocUsed:           0 kB
VmallocChunk:          0 kB
HardwareCorrupted:     0 kB
AnonHugePages:   2045952 kB
ShmemHugePages:        0 kB
ShmemPmdMapped:        0 kB
CmaTotal:              0 kB
CmaFree:               0 kB
HugePages_Total:       0
HugePages_Free:        0
HugePages_Rsvd:        0
HugePages_Surp:        0
Hugepagesize:       2048 kB
DirectMap4k:      125356 kB
DirectMap2M:     6068224 kB
DirectMap1G:     3145728 kB


CPU:total 4 (initial active 4) (2 cores per cpu, 2 threads per core) family 6 model 69 stepping 1, cmov, cx8, fxsr, mmx, sse, sse2, sse3, ssse3, sse4.1, sse4.2, popcnt, avx, avx2, aes, clmul, erms, lzcnt, ht, tsc, tscinvbit, bmi1, bmi2

/proc/cpuinfo:
processor	: 0
vendor_id	: GenuineIntel
cpu family	: 6
model		: 69
model name	: Intel(R) Core(TM) i5-4210U CPU @ 1.70GHz
stepping	: 1
microcode	: 0x17
cpu MHz		: 799.987
cache size	: 3072 KB
physical id	: 0
siblings	: 4
core id		: 0
cpu cores	: 2
apicid		: 0
initial apicid	: 0
fpu		: yes
fpu_exception	: yes
cpuid level	: 13
wp		: yes
flags		: fpu vme de pse tsc msr pae mce cx8 apic sep mtrr pge mca cmov pat pse36 clflush dts acpi mmx fxsr sse sse2 ss ht tm pbe syscall nx pdpe1gb rdtscp lm constant_tsc arch_perfmon pebs bts rep_good nopl xtopology nonstop_tsc aperfmperf pni pclmulqdq dtes64 monitor ds_cpl vmx est tm2 ssse3 sdbg fma cx16 xtpr pdcm pcid sse4_1 sse4_2 movbe popcnt tsc_deadline_timer aes xsave avx f16c rdrand lahf_lm abm epb tpr_shadow vnmi flexpriority ept vpid fsgsbase tsc_adjust bmi1 avx2 smep bmi2 erms invpcid xsaveopt dtherm ida arat pln pts
bugs		:
bogomips	: 3392.28
clflush size	: 64
cache_alignment	: 64
address sizes	: 39 bits physical, 48 bits virtual
power management:

processor	: 1
vendor_id	: GenuineIntel
cpu family	: 6
model		: 69
model name	: Intel(R) Core(TM) i5-4210U CPU @ 1.70GHz
stepping	: 1
microcode	: 0x17
cpu MHz		: 799.987
cache size	: 3072 KB
physical id	: 0
siblings	: 4
core id		: 1
cpu cores	: 2
apicid		: 2
initial apicid	: 2
fpu		: yes
fpu_exception	: yes
cpuid level	: 13
wp		: yes
flags		: fpu vme de pse tsc msr pae mce cx8 apic sep mtrr pge mca cmov pat pse36 clflush dts acpi mmx fxsr sse sse2 ss ht tm pbe syscall nx pdpe1gb rdtscp lm constant_tsc arch_perfmon pebs bts rep_good nopl xtopology nonstop_tsc aperfmperf pni pclmulqdq dtes64 monitor ds_cpl vmx est tm2 ssse3 sdbg fma cx16 xtpr pdcm pcid sse4_1 sse4_2 movbe popcnt tsc_deadline_timer aes xsave avx f16c rdrand lahf_lm abm epb tpr_shadow vnmi flexpriority ept vpid fsgsbase tsc_adjust bmi1 avx2 smep bmi2 erms invpcid xsaveopt dtherm ida arat pln pts
bugs		:
bogomips	: 3392.28
clflush size	: 64
cache_alignment	: 64
address sizes	: 39 bits physical, 48 bits virtual
power management:

processor	: 2
vendor_id	: GenuineIntel
cpu family	: 6
model		: 69
model name	: Intel(R) Core(TM) i5-4210U CPU @ 1.70GHz
stepping	: 1
microcode	: 0x17
cpu MHz		: 799.987
cache size	: 3072 KB
physical id	: 0
siblings	: 4
core id		: 0
cpu cores	: 2
apicid		: 1
initial apicid	: 1
fpu		: yes
fpu_exception	: yes
cpuid level	: 13
wp		: yes
flags		: fpu vme de pse tsc msr pae mce cx8 apic sep mtrr pge mca cmov pat pse36 clflush dts acpi mmx fxsr sse sse2 ss ht tm pbe syscall nx pdpe1gb rdtscp lm constant_tsc arch_perfmon pebs bts rep_good nopl xtopology nonstop_tsc aperfmperf pni pclmulqdq dtes64 monitor ds_cpl vmx est tm2 ssse3 sdbg fma cx16 xtpr pdcm pcid sse4_1 sse4_2 movbe popcnt tsc_deadline_timer aes xsave avx f16c rdrand lahf_lm abm epb tpr_shadow vnmi flexpriority ept vpid fsgsbase tsc_adjust bmi1 avx2 smep bmi2 erms invpcid xsaveopt dtherm ida arat pln pts
bugs		:
bogomips	: 3392.28
clflush size	: 64
cache_alignment	: 64
address sizes	: 39 bits physical, 48 bits virtual
power management:

processor	: 3
vendor_id	: GenuineIntel
cpu family	: 6
model		: 69
model name	: Intel(R) Core(TM) i5-4210U CPU @ 1.70GHz
stepping	: 1
microcode	: 0x17
cpu MHz		: 799.987
cache size	: 3072 KB
physical id	: 0
siblings	: 4
core id		: 1
cpu cores	: 2
apicid		: 3
initial apicid	: 3
fpu		: yes
fpu_exception	: yes
cpuid level	: 13
wp		: yes
flags		: fpu vme de pse tsc msr pae mce cx8 apic sep mtrr pge mca cmov pat pse36 clflush dts acpi mmx fxsr sse sse2 ss ht tm pbe syscall nx pdpe1gb rdtscp lm constant_tsc arch_perfmon pebs bts rep_good nopl xtopology nonstop_tsc aperfmperf pni pclmulqdq dtes64 monitor ds_cpl vmx est tm2 ssse3 sdbg fma cx16 xtpr pdcm pcid sse4_1 sse4_2 movbe popcnt tsc_deadline_timer aes xsave avx f16c rdrand lahf_lm abm epb tpr_shadow vnmi flexpriority ept vpid fsgsbase tsc_adjust bmi1 avx2 smep bmi2 erms invpcid xsaveopt dtherm ida arat pln pts
bugs		:
bogomips	: 3392.28
clflush size	: 64
cache_alignment	: 64
address sizes	: 39 bits physical, 48 bits virtual
power management:



Memory: 4k page, physical 8075392k(3063164k free), swap 2097148k(2097148k free)

vm_info: OpenJDK 64-Bit Server VM (25.131-b11) for linux-amd64 JRE (1.8.0_131-8u131-b11-2ubuntu1.17.04.3-b11), built on Jul 27 2017 21:26:44 by "buildd" with gcc 6.3.0 20170406

time: Mon Oct 30 19:13:15 2017
elapsed time: 4 seconds (0d 0h 0m 4s)

