#
# A fatal error has been detected by the Java Runtime Environment:
#
#  SIGSEGV (0xb) at pc=0x00007f506ccf9add, pid=9080, tid=0x00007f508d1c0700
#
# JRE version: OpenJDK Runtime Environment (8.0_131-b11) (build 1.8.0_131-8u131-b11-2ubuntu1.17.04.3-b11)
# Java VM: OpenJDK 64-Bit Server VM (25.131-b11 mixed mode linux-amd64 compressed oops)
# Problematic frame:
# C  [libX11.so.6+0x33add]  XQueryExtension+0x2d
#
# Failed to write core dump. Core dumps have been disabled. To enable core dumping, try "ulimit -c unlimited" before starting Java again
#
# If you would like to submit a bug report, please visit:
#   http://bugreport.java.com/bugreport/crash.jsp
# The crash happened outside the Java Virtual Machine in native code.
# See problematic frame for where to report the bug.
#

---------------  T H R E A D  ---------------

Current thread (0x00007f50adf81000):  JavaThread "usb-10" daemon [_thread_in_native, id=9132, stack(0x00007f508d0c0000,0x00007f508d1c1000)]

siginfo: si_signo: 11 (SIGSEGV), si_code: 1 (SEGV_MAPERR), si_addr: 0x0000000000000968

Registers:
RAX=0x0000000000000000, RBX=0x0000000000000000, RCX=0x00007f508d1bef88, RDX=0x00007f508d1bef84
RSP=0x00007f508d1bef10, RBP=0x00007f506c6b58d8, RSI=0x00007f506c6b58d8, RDI=0x0000000000000000
R8 =0x00007f508d1bef8c, R9 =0x0000000000000030, R10=0x0000000000000198, R11=0x00007f506cced660
R12=0x00007f508d1bef8c, R13=0x00007f508d1bef88, R14=0x00007f508d1bef84, R15=0x00007f506c8b7170
RIP=0x00007f506ccf9add, EFLAGS=0x0000000000010246, CSGSFS=0x002b000000000033, ERR=0x0000000000000004
  TRAPNO=0x000000000000000e

Top of Stack: (sp=0x00007f508d1bef10)
0x00007f508d1bef10:   0000000000000000 0000000000000000
0x00007f508d1bef20:   0000006e0000005b 0000000000000000
0x00007f508d1bef30:   0000000000000000 076afc7348158800
0x00007f508d1bef40:   0000000000000000 0000000000000000
0x00007f508d1bef50:   00007f506c8b7100 00007f506c6b58d8
0x00007f508d1bef60:   00007f5050dbf9d0 00007f506c6b58d8
0x00007f508d1bef70:   00007f506c8b7170 00007f506cced692
0x00007f508d1bef80:   0000000000000000 00007f5050000468
0x00007f508d1bef90:   0000000000000030 076afc7348158800
0x00007f508d1befa0:   0000000000000000 00007f506c8b7100
0x00007f508d1befb0:   0000000000000000 00007f506c080fdf
0x00007f508d1befc0:   00007f506c6b58d8 0000000000000000
0x00007f508d1befd0:   00007f506c8b7170 00007f508c3fed90
0x00007f508d1befe0:   00007f508c3fed8c 0000000000000000
0x00007f508d1beff0:   00007f508c3fe548 00007f508d1bf568
0x00007f508d1bf000:   00007f50adf81000 00007f506c6b3141
0x00007f508d1bf010:   00007f508d1bf090 00007f508d1bf090
0x00007f508d1bf020:   00007f508d1bf540 00007f508c1ed8f4
0x00007f508d1bf030:   00007f5000000000 00007f5000000000
0x00007f508d1bf040:   00007f5000000002 00007f5050dbed90
0x00007f508d1bf050:   0000000000000800 00007f508d1bf090
0x00007f508d1bf060:   00007f508d1bf120 00007f50b22f011f
0x00007f508d1bf070:   0000000000000000 bf84d2e8771a5e2f
0x00007f508d1bf080:   0000001000000010 00007f508d1bf090
0x00007f508d1bf090:   0000000000000000 0000000000000000
0x00007f508d1bf0a0:   0000000000000000 0000000000000000
0x00007f508d1bf0b0:   0000000000000000 0000000000000000
0x00007f508d1bf0c0:   0000000000000000 0000000000000000
0x00007f508d1bf0d0:   0000000000000000 0000000000000000
0x00007f508d1bf0e0:   0000000000000000 0000000000000000
0x00007f508d1bf0f0:   0000000000000000 0000000000000000
0x00007f508d1bf100:   0000000000000000 0000000000000000 

Instructions: (pc=0x00007f506ccf9add)
0x00007f506ccf9abd:   cd 55 53 48 89 f5 48 89 fb 4d 89 c4 48 83 ec 38
0x00007f506ccf9acd:   64 48 8b 04 25 28 00 00 00 48 89 44 24 28 31 c0
0x00007f506ccf9add:   48 8b 87 68 09 00 00 48 85 c0 74 02 ff 10 ba 08
0x00007f506ccf9aed:   00 00 00 be 62 00 00 00 48 89 df e8 73 c8 00 00 

Register to memory mapping:

RAX=0x0000000000000000 is an unknown value
RBX=0x0000000000000000 is an unknown value
RCX=0x00007f508d1bef88 is pointing into the stack for thread: 0x00007f50adf81000
RDX=0x00007f508d1bef84 is pointing into the stack for thread: 0x00007f50adf81000
RSP=0x00007f508d1bef10 is pointing into the stack for thread: 0x00007f50adf81000
RBP=0x00007f506c6b58d8: <offset 0x38d8> in /usr/lib/x86_64-linux-gnu/libXxf86vm.so.1 at 0x00007f506c6b2000
RSI=0x00007f506c6b58d8: <offset 0x38d8> in /usr/lib/x86_64-linux-gnu/libXxf86vm.so.1 at 0x00007f506c6b2000
RDI=0x0000000000000000 is an unknown value
R8 =0x00007f508d1bef8c is pointing into the stack for thread: 0x00007f50adf81000
R9 =0x0000000000000030 is an unknown value
R10=0x0000000000000198 is an unknown value
R11=0x00007f506cced660: XInitExtension+0 in /usr/lib/x86_64-linux-gnu/libX11.so.6 at 0x00007f506ccc6000
R12=0x00007f508d1bef8c is pointing into the stack for thread: 0x00007f50adf81000
R13=0x00007f508d1bef88 is pointing into the stack for thread: 0x00007f50adf81000
R14=0x00007f508d1bef84 is pointing into the stack for thread: 0x00007f50adf81000
R15=0x00007f506c8b7170: <offset 0x205170> in /usr/lib/x86_64-linux-gnu/libXxf86vm.so.1 at 0x00007f506c6b2000


Stack: [0x00007f508d0c0000,0x00007f508d1c1000],  sp=0x00007f508d1bef10,  free space=1019k
Native frames: (J=compiled Java code, j=interpreted, Vv=VM code, C=native code)
C  [libX11.so.6+0x33add]  XQueryExtension+0x2d

Java frames: (J=compiled Java code, j=interpreted, Vv=VM code)
j  org.lwjgl.system.JNI.invokeI(J)I+0
j  org.lwjgl.glfw.GLFW.glfwInit()Z+5
j  com.badlogic.gdx.backends.lwjgl3.Lwjgl3Application.initializeGlfw()V+25
j  com.badlogic.gdx.backends.lwjgl3.Lwjgl3Application.<init>(Lcom/badlogic/gdx/ApplicationListener;Lcom/badlogic/gdx/backends/lwjgl3/Lwjgl3ApplicationConfiguration;)V+69
j  display.io.desktop.package$.$anonfun$open$3(Ldisplay/io/desktop/package$;Lscala/Tuple2;Lscala/collection/Seq;Lmonix/execution/Scheduler;Lmonix/execution/cancelables/CompositeCancelable;Lmonix/reactive/Observable;Lmonix/reactive/Observer;)V+37
j  display.io.desktop.package$$$Lambda$37.run()V+28
j  java.util.concurrent.Executors$RunnableAdapter.call()Ljava/lang/Object;+4
j  java.util.concurrent.FutureTask.run()V+42
j  java.util.concurrent.ScheduledThreadPoolExecutor$ScheduledFutureTask.access$201(Ljava/util/concurrent/ScheduledThreadPoolExecutor$ScheduledFutureTask;)V+1
j  java.util.concurrent.ScheduledThreadPoolExecutor$ScheduledFutureTask.run()V+30
j  java.util.concurrent.ThreadPoolExecutor.runWorker(Ljava/util/concurrent/ThreadPoolExecutor$Worker;)V+95
j  java.util.concurrent.ThreadPoolExecutor$Worker.run()V+5
j  java.lang.Thread.run()V+11
v  ~StubRoutines::call_stub

---------------  P R O C E S S  ---------------

Java Threads: ( => current thread )
  0x00007f50adf82000 JavaThread "usb-11" daemon [_thread_in_native, id=9133, stack(0x00007f508cfbf000,0x00007f508d0c0000)]
=>0x00007f50adf81000 JavaThread "usb-10" daemon [_thread_in_native, id=9132, stack(0x00007f508d0c0000,0x00007f508d1c1000)]
  0x00007f50ac466800 JavaThread "Service Thread" daemon [_thread_blocked, id=9100, stack(0x00007f508d8da000,0x00007f508d9db000)]
  0x00007f50ac463000 JavaThread "C1 CompilerThread2" daemon [_thread_in_native, id=9099, stack(0x00007f508d9db000,0x00007f508dadc000)]
  0x00007f50ac461000 JavaThread "C2 CompilerThread1" daemon [_thread_in_native, id=9098, stack(0x00007f508dadc000,0x00007f508dbdd000)]
  0x00007f50ac45f000 JavaThread "C2 CompilerThread0" daemon [_thread_blocked, id=9095, stack(0x00007f508ddf5000,0x00007f508def6000)]
  0x00007f50ac45d800 JavaThread "Monitor Ctrl-Break" daemon [_thread_in_native, id=9092, stack(0x00007f508def6000,0x00007f508dff7000)]
  0x00007f50ac176000 JavaThread "Signal Dispatcher" daemon [_thread_blocked, id=9089, stack(0x00007f508e03a000,0x00007f508e13b000)]
  0x00007f50ac14e800 JavaThread "Finalizer" daemon [_thread_blocked, id=9088, stack(0x00007f508e416000,0x00007f508e517000)]
  0x00007f50ac14a000 JavaThread "Reference Handler" daemon [_thread_blocked, id=9087, stack(0x00007f508e517000,0x00007f508e618000)]
  0x00007f50ac00e000 JavaThread "main" [_thread_blocked, id=9081, stack(0x00007f50b38e3000,0x00007f50b39e4000)]

Other Threads:
  0x00007f50ac142800 VMThread [stack: 0x00007f508e618000,0x00007f508e719000] [id=9086]
  0x00007f50ac469000 WatcherThread [stack: 0x00007f508d7d9000,0x00007f508d8da000] [id=9101]

VM state:at safepoint (normal execution)

VM Mutex/Monitor currently owned by a thread: None

Heap:
 PSYoungGen      total 36864K, used 31780K [0x00000000d6f00000, 0x00000000d9800000, 0x0000000100000000)
  eden space 31744K, 84% used [0x00000000d6f00000,0x00000000d890c340,0x00000000d8e00000)
  from space 5120K, 99% used [0x00000000d8e00000,0x00000000d92fcfc8,0x00000000d9300000)
  to   space 5120K, 0% used [0x00000000d9300000,0x00000000d9300000,0x00000000d9800000)
 ParOldGen       total 84992K, used 230K [0x0000000084c00000, 0x0000000089f00000, 0x00000000d6f00000)
  object space 84992K, 0% used [0x0000000084c00000,0x0000000084c398e8,0x0000000089f00000)
 Metaspace       used 15614K, capacity 16002K, committed 16256K, reserved 1062912K
  class space    used 1985K, capacity 2064K, committed 2176K, reserved 1048576K

Card table byte_map: [0x00007f509c865000,0x00007f509cc40000] byte_map_base: 0x00007f509c43f000

Marking Bits: (ParMarkBitMap*) 0x00007f50b2bb32c0
 Begin Bits: [0x00007f5094260000, 0x00007f5096130000)
 End Bits:   [0x00007f5096130000, 0x00007f5098000000)

Polling page: 0x00007f50b3a05000

CodeCache: size=245760Kb used=3414Kb max_used=3414Kb free=242345Kb
 bounds [0x00007f509d000000, 0x00007f509d360000, 0x00007f50ac000000]
 total_blobs=1551 nmethods=824 adapters=642
 compilation: enabled

Compilation events (10 events):
Event: 6.524 Thread 0x00007f50ac463000 nmethod 831 0x00007f509d325690 code [0x00007f509d325800, 0x00007f509d325a90]
Event: 6.524 Thread 0x00007f50ac463000  832       3       jdk.internal.org.objectweb.asm.MethodWriter::visitCode (1 bytes)
Event: 6.525 Thread 0x00007f50ac463000 nmethod 832 0x00007f509d325b50 code [0x00007f509d325ca0, 0x00007f509d325df0]
Event: 6.525 Thread 0x00007f50ac463000  834       1       org.lwjgl.system.MemoryAccess$MemoryAccessorUnsafe::memPutByte (9 bytes)
Event: 6.526 Thread 0x00007f50ac463000 nmethod 834 0x00007f509d3261d0 code [0x00007f509d326320, 0x00007f509d326430]
Event: 6.548 Thread 0x00007f50ac463000  836       3       java.lang.invoke.MethodHandles$Lookup::checkSymbolicClass (42 bytes)
Event: 6.554 Thread 0x00007f50ac463000 nmethod 836 0x00007f509d34e110 code [0x00007f509d34e340, 0x00007f509d34edf8]
Event: 6.554 Thread 0x00007f50ac463000  837       3       jdk.internal.org.objectweb.asm.MethodWriter::<init> (268 bytes)
Event: 6.558 Thread 0x00007f50ac463000 nmethod 837 0x00007f509d3554d0 code [0x00007f509d355700, 0x00007f509d3563a8]
Event: 6.558 Thread 0x00007f50ac463000  838       3       jdk.internal.org.objectweb.asm.MethodWriter::put (1599 bytes)

GC Heap History (2 events):
Event: 4.982 GC heap before
{Heap before GC invocations=1 (full 0):
 PSYoungGen      total 36864K, used 31744K [0x00000000d6f00000, 0x00000000d9800000, 0x0000000100000000)
  eden space 31744K, 100% used [0x00000000d6f00000,0x00000000d8e00000,0x00000000d8e00000)
  from space 5120K, 0% used [0x00000000d9300000,0x00000000d9300000,0x00000000d9800000)
  to   space 5120K, 0% used [0x00000000d8e00000,0x00000000d8e00000,0x00000000d9300000)
 ParOldGen       total 84992K, used 0K [0x0000000084c00000, 0x0000000089f00000, 0x00000000d6f00000)
  object space 84992K, 0% used [0x0000000084c00000,0x0000000084c00000,0x0000000089f00000)
 Metaspace       used 10342K, capacity 10502K, committed 10624K, reserved 1058816K
  class space    used 1325K, capacity 1379K, committed 1408K, reserved 1048576K
Event: 4.999 GC heap after
Heap after GC invocations=1 (full 0):
 PSYoungGen      total 36864K, used 5107K [0x00000000d6f00000, 0x00000000d9800000, 0x0000000100000000)
  eden space 31744K, 0% used [0x00000000d6f00000,0x00000000d6f00000,0x00000000d8e00000)
  from space 5120K, 99% used [0x00000000d8e00000,0x00000000d92fcfc8,0x00000000d9300000)
  to   space 5120K, 0% used [0x00000000d9300000,0x00000000d9300000,0x00000000d9800000)
 ParOldGen       total 84992K, used 230K [0x0000000084c00000, 0x0000000089f00000, 0x00000000d6f00000)
  object space 84992K, 0% used [0x0000000084c00000,0x0000000084c398e8,0x0000000089f00000)
 Metaspace       used 10342K, capacity 10502K, committed 10624K, reserved 1058816K
  class space    used 1325K, capacity 1379K, committed 1408K, reserved 1048576K
}

Deoptimization events (1 events):
Event: 5.380 Thread 0x00007f50ac00e000 Uncommon trap: reason=unstable_if action=reinterpret pc=0x00007f509d1ba954 method=java.lang.String.indexOf([CII[CIII)I @ 3

Internal exceptions (10 events):
Event: 6.428 Thread 0x00007f50adf82000 Exception <a 'java/security/PrivilegedActionException'> (0x00000000d8676f38) thrown at [/build/openjdk-8-ugc2Ph/openjdk-8-8u131-b11/src/hotspot/src/share/vm/prims/jvm.cpp, line 1390]
Event: 6.445 Thread 0x00007f50adf82000 Exception <a 'java/security/PrivilegedActionException'> (0x00000000d8741d08) thrown at [/build/openjdk-8-ugc2Ph/openjdk-8-8u131-b11/src/hotspot/src/share/vm/prims/jvm.cpp, line 1390]
Event: 6.445 Thread 0x00007f50adf82000 Exception <a 'java/security/PrivilegedActionException'> (0x00000000d8742100) thrown at [/build/openjdk-8-ugc2Ph/openjdk-8-8u131-b11/src/hotspot/src/share/vm/prims/jvm.cpp, line 1390]
Event: 6.448 Thread 0x00007f50adf82000 Exception <a 'java/security/PrivilegedActionException'> (0x00000000d8752648) thrown at [/build/openjdk-8-ugc2Ph/openjdk-8-8u131-b11/src/hotspot/src/share/vm/prims/jvm.cpp, line 1390]
Event: 6.448 Thread 0x00007f50adf82000 Exception <a 'java/security/PrivilegedActionException'> (0x00000000d8752a40) thrown at [/build/openjdk-8-ugc2Ph/openjdk-8-8u131-b11/src/hotspot/src/share/vm/prims/jvm.cpp, line 1390]
Event: 6.451 Thread 0x00007f50adf82000 Exception <a 'java/security/PrivilegedActionException'> (0x00000000d875ab30) thrown at [/build/openjdk-8-ugc2Ph/openjdk-8-8u131-b11/src/hotspot/src/share/vm/prims/jvm.cpp, line 1390]
Event: 6.451 Thread 0x00007f50adf82000 Exception <a 'java/security/PrivilegedActionException'> (0x00000000d875af28) thrown at [/build/openjdk-8-ugc2Ph/openjdk-8-8u131-b11/src/hotspot/src/share/vm/prims/jvm.cpp, line 1390]
Event: 6.534 Thread 0x00007f50adf81000 Exception <a 'java/security/PrivilegedActionException'> (0x00000000d884b210) thrown at [/build/openjdk-8-ugc2Ph/openjdk-8-8u131-b11/src/hotspot/src/share/vm/prims/jvm.cpp, line 1390]
Event: 6.534 Thread 0x00007f50adf81000 Exception <a 'java/security/PrivilegedActionException'> (0x00000000d884b420) thrown at [/build/openjdk-8-ugc2Ph/openjdk-8-8u131-b11/src/hotspot/src/share/vm/prims/jvm.cpp, line 1390]
Event: 6.558 Thread 0x00007f50ac00e000 Exception <a 'java/lang/NoSuchMethodError': java.lang.Object.$anonfun$widen$1(Lscala/Function1;Ljava/lang/Object;)Lscodec/Attempt;> (0x00000000d88b2f90) thrown at [/build/openjdk-8-ugc2Ph/openjdk-8-8u131-b11/src/hotspot/src/share/vm/interpreter/linkResolv

Events (10 events):
Event: 6.549 loading class scala/Function1
Event: 6.549 loading class scala/Function1 done
Event: 6.558 loading class scala/Function1
Event: 6.558 loading class scala/Function1 done
Event: 6.558 loading class scodec/Attempt
Event: 6.558 loading class scodec/Attempt done
Event: 6.558 loading class scala/Function1
Event: 6.558 loading class scala/Function1 done
Event: 6.560 loading class scodec/Codec$$anon$1
Event: 6.560 loading class scodec/Codec$$anon$1 done


Dynamic libraries:
84c00000-89f00000 rw-p 00000000 00:00 0 
89f00000-d6f00000 ---p 00000000 00:00 0 
d6f00000-d9800000 rw-p 00000000 00:00 0 
d9800000-100000000 ---p 00000000 00:00 0 
100000000-100220000 rw-p 00000000 00:00 0 
100220000-140000000 ---p 00000000 00:00 0 
55ddf0feb000-55ddf0fec000 r-xp 00000000 08:01 19665085                   /usr/lib/jvm/java-8-openjdk-amd64/jre/bin/java
55ddf11eb000-55ddf11ec000 r--p 00000000 08:01 19665085                   /usr/lib/jvm/java-8-openjdk-amd64/jre/bin/java
55ddf11ec000-55ddf11ed000 rw-p 00001000 08:01 19665085                   /usr/lib/jvm/java-8-openjdk-amd64/jre/bin/java
55ddf2ae0000-55ddf2b01000 rw-p 00000000 00:00 0                          [heap]
7f504f7e6000-7f504f7eb000 r-xp 00000000 08:01 19536811                   /usr/lib/x86_64-linux-gnu/libXdmcp.so.6.0.0
7f504f7eb000-7f504f9ea000 ---p 00005000 08:01 19536811                   /usr/lib/x86_64-linux-gnu/libXdmcp.so.6.0.0
7f504f9ea000-7f504f9eb000 r--p 00004000 08:01 19536811                   /usr/lib/x86_64-linux-gnu/libXdmcp.so.6.0.0
7f504f9eb000-7f504f9ec000 rw-p 00005000 08:01 19536811                   /usr/lib/x86_64-linux-gnu/libXdmcp.so.6.0.0
7f504f9ec000-7f504f9ee000 r-xp 00000000 08:01 19536800                   /usr/lib/x86_64-linux-gnu/libXau.so.6.0.0
7f504f9ee000-7f504fbee000 ---p 00002000 08:01 19536800                   /usr/lib/x86_64-linux-gnu/libXau.so.6.0.0
7f504fbee000-7f504fbef000 r--p 00002000 08:01 19536800                   /usr/lib/x86_64-linux-gnu/libXau.so.6.0.0
7f504fbef000-7f504fbf0000 rw-p 00003000 08:01 19536800                   /usr/lib/x86_64-linux-gnu/libXau.so.6.0.0
7f504fbf0000-7f504fbf5000 r-xp 00000000 08:01 19536815                   /usr/lib/x86_64-linux-gnu/libXfixes.so.3.1.0
7f504fbf5000-7f504fdf4000 ---p 00005000 08:01 19536815                   /usr/lib/x86_64-linux-gnu/libXfixes.so.3.1.0
7f504fdf4000-7f504fdf5000 r--p 00004000 08:01 19536815                   /usr/lib/x86_64-linux-gnu/libXfixes.so.3.1.0
7f504fdf5000-7f504fdf6000 rw-p 00005000 08:01 19536815                   /usr/lib/x86_64-linux-gnu/libXfixes.so.3.1.0
7f504fdf6000-7f504fdff000 r-xp 00000000 08:01 19536835                   /usr/lib/x86_64-linux-gnu/libXrender.so.1.3.0
7f504fdff000-7f504fffe000 ---p 00009000 08:01 19536835                   /usr/lib/x86_64-linux-gnu/libXrender.so.1.3.0
7f504fffe000-7f504ffff000 r--p 00008000 08:01 19536835                   /usr/lib/x86_64-linux-gnu/libXrender.so.1.3.0
7f504ffff000-7f5050000000 rw-p 00009000 08:01 19536835                   /usr/lib/x86_64-linux-gnu/libXrender.so.1.3.0
7f5050000000-7f5050de5000 rw-p 00000000 00:00 0 
7f5050de5000-7f5054000000 ---p 00000000 00:00 0 
7f5054000000-7f5054087000 rw-p 00000000 00:00 0 
7f5054087000-7f5058000000 ---p 00000000 00:00 0 
7f5058000000-7f5058021000 rw-p 00000000 00:00 0 
7f5058021000-7f505c000000 ---p 00000000 00:00 0 
7f505c000000-7f505c021000 rw-p 00000000 00:00 0 
7f505c021000-7f5060000000 ---p 00000000 00:00 0 
7f5060000000-7f50602d6000 rw-p 00000000 00:00 0 
7f50602d6000-7f5064000000 ---p 00000000 00:00 0 
7f5064000000-7f5064154000 rw-p 00000000 00:00 0 
7f5064154000-7f5068000000 ---p 00000000 00:00 0 
7f5068000000-7f5068230000 rw-p 00000000 00:00 0 
7f5068230000-7f506c000000 ---p 00000000 00:00 0 
7f506c074000-7f506c085000 r-xp 00000000 08:01 19536813                   /usr/lib/x86_64-linux-gnu/libXext.so.6.4.0
7f506c085000-7f506c284000 ---p 00011000 08:01 19536813                   /usr/lib/x86_64-linux-gnu/libXext.so.6.4.0
7f506c284000-7f506c285000 r--p 00010000 08:01 19536813                   /usr/lib/x86_64-linux-gnu/libXext.so.6.4.0
7f506c285000-7f506c286000 rw-p 00011000 08:01 19536813                   /usr/lib/x86_64-linux-gnu/libXext.so.6.4.0
7f506c286000-7f506c2a7000 r-xp 00000000 08:01 19538353                   /usr/lib/x86_64-linux-gnu/libxcb.so.1.1.0
7f506c2a7000-7f506c4a6000 ---p 00021000 08:01 19538353                   /usr/lib/x86_64-linux-gnu/libxcb.so.1.1.0
7f506c4a6000-7f506c4a7000 r--p 00020000 08:01 19538353                   /usr/lib/x86_64-linux-gnu/libxcb.so.1.1.0
7f506c4a7000-7f506c4a8000 rw-p 00021000 08:01 19538353                   /usr/lib/x86_64-linux-gnu/libxcb.so.1.1.0
7f506c4a8000-7f506c4b1000 r-xp 00000000 08:01 19536807                   /usr/lib/x86_64-linux-gnu/libXcursor.so.1.0.2
7f506c4b1000-7f506c6b0000 ---p 00009000 08:01 19536807                   /usr/lib/x86_64-linux-gnu/libXcursor.so.1.0.2
7f506c6b0000-7f506c6b1000 r--p 00008000 08:01 19536807                   /usr/lib/x86_64-linux-gnu/libXcursor.so.1.0.2
7f506c6b1000-7f506c6b2000 rw-p 00009000 08:01 19536807                   /usr/lib/x86_64-linux-gnu/libXcursor.so.1.0.2
7f506c6b2000-7f506c6b7000 r-xp 00000000 08:01 19536851                   /usr/lib/x86_64-linux-gnu/libXxf86vm.so.1.0.0
7f506c6b7000-7f506c8b6000 ---p 00005000 08:01 19536851                   /usr/lib/x86_64-linux-gnu/libXxf86vm.so.1.0.0
7f506c8b6000-7f506c8b7000 r--p 00004000 08:01 19536851                   /usr/lib/x86_64-linux-gnu/libXxf86vm.so.1.0.0
7f506c8b7000-7f506c8b8000 rw-p 00005000 08:01 19536851                   /usr/lib/x86_64-linux-gnu/libXxf86vm.so.1.0.0
7f506c8b8000-7f506c8ba000 r-xp 00000000 08:01 19536825                   /usr/lib/x86_64-linux-gnu/libXinerama.so.1.0.0
7f506c8ba000-7f506cab9000 ---p 00002000 08:01 19536825                   /usr/lib/x86_64-linux-gnu/libXinerama.so.1.0.0
7f506cab9000-7f506caba000 r--p 00001000 08:01 19536825                   /usr/lib/x86_64-linux-gnu/libXinerama.so.1.0.0
7f506caba000-7f506cabb000 rw-p 00002000 08:01 19536825                   /usr/lib/x86_64-linux-gnu/libXinerama.so.1.0.0
7f506cabb000-7f506cac5000 r-xp 00000000 08:01 19536833                   /usr/lib/x86_64-linux-gnu/libXrandr.so.2.2.0
7f506cac5000-7f506ccc4000 ---p 0000a000 08:01 19536833                   /usr/lib/x86_64-linux-gnu/libXrandr.so.2.2.0
7f506ccc4000-7f506ccc5000 r--p 00009000 08:01 19536833                   /usr/lib/x86_64-linux-gnu/libXrandr.so.2.2.0
7f506ccc5000-7f506ccc6000 rw-p 0000a000 08:01 19536833                   /usr/lib/x86_64-linux-gnu/libXrandr.so.2.2.0
7f506ccc6000-7f506cdfa000 r-xp 00000000 08:01 19536796                   /usr/lib/x86_64-linux-gnu/libX11.so.6.3.0
7f506cdfa000-7f506cffa000 ---p 00134000 08:01 19536796                   /usr/lib/x86_64-linux-gnu/libX11.so.6.3.0
7f506cffa000-7f506cffb000 r--p 00134000 08:01 19536796                   /usr/lib/x86_64-linux-gnu/libX11.so.6.3.0
7f506cffb000-7f506cfff000 rw-p 00135000 08:01 19536796                   /usr/lib/x86_64-linux-gnu/libX11.so.6.3.0
7f506cfff000-7f5070000000 rw-p 00000000 00:00 0 
7f5070000000-7f5070021000 rw-p 00000000 00:00 0 
7f5070021000-7f5074000000 ---p 00000000 00:00 0 
7f5074000000-7f5074021000 rw-p 00000000 00:00 0 
7f5074021000-7f5078000000 ---p 00000000 00:00 0 
7f5078000000-7f5078021000 rw-p 00000000 00:00 0 
7f5078021000-7f507c000000 ---p 00000000 00:00 0 
7f507c000000-7f507c021000 rw-p 00000000 00:00 0 
7f507c021000-7f5080000000 ---p 00000000 00:00 0 
7f5080000000-7f5080021000 rw-p 00000000 00:00 0 
7f5080021000-7f5084000000 ---p 00000000 00:00 0 
7f5084000000-7f5084021000 rw-p 00000000 00:00 0 
7f5084021000-7f5088000000 ---p 00000000 00:00 0 
7f5088000000-7f5088021000 rw-p 00000000 00:00 0 
7f5088021000-7f508c000000 ---p 00000000 00:00 0 
7f508c1e4000-7f508c1fe000 r-xp 00000000 08:01 24903730                   /tmp/lwjglwilson/3.1.0-build-40/libglfw.so
7f508c1fe000-7f508c3fd000 ---p 0001a000 08:01 24903730                   /tmp/lwjglwilson/3.1.0-build-40/libglfw.so
7f508c3fd000-7f508c3fe000 r--p 00019000 08:01 24903730                   /tmp/lwjglwilson/3.1.0-build-40/libglfw.so
7f508c3fe000-7f508c3ff000 rw-p 0001a000 08:01 24903730                   /tmp/lwjglwilson/3.1.0-build-40/libglfw.so
7f508c3ff000-7f508c400000 rw-p 00000000 00:00 0 
7f508c400000-7f508c600000 rw-p 00000000 00:00 0 
7f508c663000-7f508c67e000 r--s 00000000 08:01 24903730                   /tmp/lwjglwilson/3.1.0-build-40/libglfw.so
7f508c67e000-7f508c680000 rwxp 00000000 00:00 0 
7f508c680000-7f508c6b5000 r-xp 00000000 08:01 24903729                   /tmp/lwjglwilson/3.1.0-build-40/libjemalloc.so
7f508c6b5000-7f508c8b4000 ---p 00035000 08:01 24903729                   /tmp/lwjglwilson/3.1.0-build-40/libjemalloc.so
7f508c8b4000-7f508c8b7000 r--p 00034000 08:01 24903729                   /tmp/lwjglwilson/3.1.0-build-40/libjemalloc.so
7f508c8b7000-7f508c8b8000 rw-p 00037000 08:01 24903729                   /tmp/lwjglwilson/3.1.0-build-40/libjemalloc.so
7f508c8b8000-7f508c8b9000 rw-p 00000000 00:00 0 
7f508c8b9000-7f508c8f1000 r--s 00000000 08:01 24903729                   /tmp/lwjglwilson/3.1.0-build-40/libjemalloc.so
7f508c8f1000-7f508c93a000 r-xp 00000000 08:01 24903728                   /tmp/lwjglwilson/3.1.0-build-40/liblwjgl.so
7f508c93a000-7f508cb3a000 ---p 00049000 08:01 24903728                   /tmp/lwjglwilson/3.1.0-build-40/liblwjgl.so
7f508cb3a000-7f508cb3b000 rw-p 00049000 08:01 24903728                   /tmp/lwjglwilson/3.1.0-build-40/liblwjgl.so
7f508cb3b000-7f508cb86000 r--s 00000000 08:01 24903728                   /tmp/lwjglwilson/3.1.0-build-40/liblwjgl.so
7f508cb86000-7f508cbbe000 r-xp 00000000 08:01 24903725                   /tmp/libgdxwilson/b793cc16/libgdx64.so
7f508cbbe000-7f508cdbd000 ---p 00038000 08:01 24903725                   /tmp/libgdxwilson/b793cc16/libgdx64.so
7f508cdbd000-7f508cdbe000 r--p 00037000 08:01 24903725                   /tmp/libgdxwilson/b793cc16/libgdx64.so
7f508cdbe000-7f508cdbf000 rw-p 00038000 08:01 24903725                   /tmp/libgdxwilson/b793cc16/libgdx64.so
7f508cdbf000-7f508cf7f000 rw-p 00000000 00:00 0 
7f508cf7f000-7f508cfbf000 ---p 00000000 00:00 0 
7f508cfbf000-7f508cfc2000 ---p 00000000 00:00 0 
7f508cfc2000-7f508d0c0000 rw-p 00000000 00:00 0 
7f508d0c0000-7f508d0c3000 ---p 00000000 00:00 0 
7f508d0c3000-7f508d1c1000 rw-p 00000000 00:00 0 
7f508d1c1000-7f508d1c6000 r--s 0009a000 08:01 19665139                   /usr/lib/jvm/java-8-openjdk-amd64/jre/lib/jsse.jar
7f508d1c6000-7f508d3c6000 rw-p 00000000 00:00 0 
7f508d3c6000-7f508d3d7000 r-xp 00000000 08:01 19665124                   /usr/lib/jvm/java-8-openjdk-amd64/jre/lib/amd64/libnio.so
7f508d3d7000-7f508d5d7000 ---p 00011000 08:01 19665124                   /usr/lib/jvm/java-8-openjdk-amd64/jre/lib/amd64/libnio.so
7f508d5d7000-7f508d5d8000 r--p 00011000 08:01 19665124                   /usr/lib/jvm/java-8-openjdk-amd64/jre/lib/amd64/libnio.so
7f508d5d8000-7f508d5d9000 rw-p 00012000 08:01 19665124                   /usr/lib/jvm/java-8-openjdk-amd64/jre/lib/amd64/libnio.so
7f508d5d9000-7f508d7d9000 rw-p 00000000 00:00 0 
7f508d7d9000-7f508d7da000 ---p 00000000 00:00 0 
7f508d7da000-7f508d8da000 rw-p 00000000 00:00 0 
7f508d8da000-7f508d8dd000 ---p 00000000 00:00 0 
7f508d8dd000-7f508d9db000 rw-p 00000000 00:00 0 
7f508d9db000-7f508d9de000 ---p 00000000 00:00 0 
7f508d9de000-7f508dadc000 rw-p 00000000 00:00 0 
7f508dadc000-7f508dadf000 ---p 00000000 00:00 0 
7f508dadf000-7f508dbdd000 rw-p 00000000 00:00 0 
7f508dbdd000-7f508dbf4000 r-xp 00000000 08:01 19665123                   /usr/lib/jvm/java-8-openjdk-amd64/jre/lib/amd64/libnet.so
7f508dbf4000-7f508ddf3000 ---p 00017000 08:01 19665123                   /usr/lib/jvm/java-8-openjdk-amd64/jre/lib/amd64/libnet.so
7f508ddf3000-7f508ddf4000 r--p 00016000 08:01 19665123                   /usr/lib/jvm/java-8-openjdk-amd64/jre/lib/amd64/libnet.so
7f508ddf4000-7f508ddf5000 rw-p 00017000 08:01 19665123                   /usr/lib/jvm/java-8-openjdk-amd64/jre/lib/amd64/libnet.so
7f508ddf5000-7f508ddf8000 ---p 00000000 00:00 0 
7f508ddf8000-7f508def6000 rw-p 00000000 00:00 0 
7f508def6000-7f508def9000 ---p 00000000 00:00 0 
7f508def9000-7f508dff7000 rw-p 00000000 00:00 0 
7f508dff7000-7f508dff9000 r--s 0001a000 08:01 13238475                   /opt/intellij-idea-community/lib/idea_rt.jar
7f508dff9000-7f508dffa000 r--s 0021a000 08:01 17433866                   /home/wilson/.ivy2/cache/com.badlogicgames.gdx/gdx-freetype-platform/jars/gdx-freetype-platform-1.9.6-natives-desktop.jar
7f508dffa000-7f508dffb000 r--s 000fb000 08:01 17433876                   /home/wilson/.ivy2/cache/com.badlogicgames.gdx/gdx-box2d-platform/jars/gdx-box2d-platform-1.9.6-natives-desktop.jar
7f508dffb000-7f508dffd000 r--s 0000a000 08:01 17434190                   /home/wilson/.ivy2/cache/org.usb4java/usb4java/jars/usb4java-1.2.0.jar
7f508dffd000-7f508dffe000 r--s 00013000 08:01 17434219                   /home/wilson/.ivy2/cache/org.usb4java/libusb4java/jars/libusb4java-1.2.0-windows-x86_64.jar
7f508dffe000-7f508e000000 r--s 00019000 08:01 17434214                   /home/wilson/.ivy2/cache/org.usb4java/libusb4java/jars/libusb4java-1.2.0-windows-x86.jar
7f508e000000-7f508e001000 r--s 0000c000 08:01 17434220                   /home/wilson/.ivy2/cache/org.usb4java/libusb4java/jars/libusb4java-1.2.0-osx-x86_64.jar
7f508e001000-7f508e002000 r--s 0000c000 08:01 17434217                   /home/wilson/.ivy2/cache/org.usb4java/libusb4java/jars/libusb4java-1.2.0-osx-x86.jar
7f508e002000-7f508e003000 r--s 0001a000 08:01 17434215                   /home/wilson/.ivy2/cache/org.usb4java/libusb4java/jars/libusb4java-1.2.0-linux-x86_64.jar
7f508e003000-7f508e005000 r--s 0001b000 08:01 17434218                   /home/wilson/.ivy2/cache/org.usb4java/libusb4java/jars/libusb4java-1.2.0-linux-x86.jar
7f508e005000-7f508e006000 r--s 00015000 08:01 17434216                   /home/wilson/.ivy2/cache/org.usb4java/libusb4java/jars/libusb4java-1.2.0-linux-arm.jar
7f508e006000-7f508e007000 r--s 00000000 08:01 17434212                   /home/wilson/.ivy2/cache/org.typelevel/macro-compat_2.12/jars/macro-compat_2.12-1.1.1.jar
7f508e007000-7f508e00f000 r--s 000ce000 08:01 17434194                   /home/wilson/.ivy2/cache/org.scodec/scodec-core_2.12/bundles/scodec-core_2.12-1.10.3.jar
7f508e00f000-7f508e012000 r--s 00035000 08:01 17434208                   /home/wilson/.ivy2/cache/org.scodec/scodec-bits_2.12/bundles/scodec-bits_2.12-1.1.2.jar
7f508e012000-7f508e016000 r--s 0002a000 08:01 17434206                   /home/wilson/.ivy2/cache/org.jctools/jctools-core/bundles/jctools-core-2.0.1.jar
7f508e016000-7f508e01d000 r--s 00058000 08:01 17434221                   /home/wilson/.ivy2/cache/org.apache.commons/commons-lang3/jars/commons-lang3-3.2.1.jar
7f508e01d000-7f508e02d000 r--s 001ff000 08:01 17434202                   /home/wilson/.ivy2/cache/io.monix/monix-reactive_2.12/jars/monix-reactive_2.12-2.3.0.jar
7f508e02d000-7f508e03a000 r--s 000a9000 08:01 17434198                   /home/wilson/.ivy2/cache/io.monix/monix-execution_2.12/jars/monix-execution_2.12-2.3.0.jar
7f508e03a000-7f508e03d000 ---p 00000000 00:00 0 
7f508e03d000-7f508e13b000 rw-p 00000000 00:00 0 
7f508e13b000-7f508e416000 r--p 00000000 08:01 19400593                   /usr/lib/locale/locale-archive
7f508e416000-7f508e419000 ---p 00000000 00:00 0 
7f508e419000-7f508e517000 rw-p 00000000 00:00 0 
7f508e517000-7f508e51a000 ---p 00000000 00:00 0 
7f508e51a000-7f508e618000 rw-p 00000000 00:00 0 
7f508e618000-7f508e619000 ---p 00000000 00:00 0 
7f508e619000-7f5090000000 rw-p 00000000 00:00 0 
7f5090000000-7f5090021000 rw-p 00000000 00:00 0 
7f5090021000-7f5094000000 ---p 00000000 00:00 0 
7f5094000000-7f5094001000 r--s 00000000 08:01 17434204                   /home/wilson/.ivy2/cache/org.reactivestreams/reactive-streams/jars/reactive-streams-1.0.0.jar
7f5094001000-7f5094004000 r--s 00019000 08:01 17434196                   /home/wilson/.ivy2/cache/io.monix/monix-types_2.12/jars/monix-types_2.12-2.3.0.jar
7f5094004000-7f5094009000 r--s 00045000 08:01 17434200                   /home/wilson/.ivy2/cache/io.monix/monix-eval_2.12/jars/monix-eval_2.12-2.3.0.jar
7f5094009000-7f509400b000 r--s 0001a000 08:01 17434186                   /home/wilson/.ivy2/cache/io.device/device-usb_2.12/jars/device-usb_2.12-0.5.8.jar
7f509400b000-7f509400c000 r--s 0000f000 08:01 17434188                   /home/wilson/.ivy2/cache/io.device/device-io_2.12/jars/device-io_2.12-0.5.8.jar
7f509400c000-7f509400d000 r--s 00005000 08:01 17434192                   /home/wilson/.ivy2/cache/io.device/device-domain_2.12/jars/device-domain_2.12-0.5.8.jar
7f509400d000-7f5094038000 r--s 00288000 08:01 17434210                   /home/wilson/.ivy2/cache/com.chuusai/shapeless_2.12/bundles/shapeless_2.12-2.3.2.jar
7f5094038000-7f509403a000 r--s 0000a000 08:01 17434363                   /home/wilson/.ivy2/cache/com.badlogicgames.ashley/ashley/jars/ashley-1.7.3.jar
7f509403a000-7f509403c000 r--s 00008000 08:01 17434365                   /home/wilson/.ivy2/cache/com.badlogicgames.box2dlights/box2dlights/jars/box2dlights-1.4.jar
7f509403c000-7f5094058000 r--s 001b3000 08:01 17433903                   /home/wilson/.ivy2/cache/com.badlogicgames.gdx/gdx/jars/gdx-1.9.6.jar
7f5094058000-7f509405b000 r--s 0001a000 08:01 17433905                   /home/wilson/.ivy2/cache/com.badlogicgames.gdx/gdx-backend-lwjgl3/jars/gdx-backend-lwjgl3-1.9.6.jar
7f509405b000-7f509405d000 r--s 00010000 08:01 17434369                   /home/wilson/.ivy2/cache/com.badlogicgames.gdx/gdx-box2d/jars/gdx-box2d-1.9.6.jar
7f509405d000-7f509405e000 r--s 00009000 08:01 17434367                   /home/wilson/.ivy2/cache/com.badlogicgames.gdx/gdx-freetype/jars/gdx-freetype-1.9.6.jar
7f509405e000-7f5098000000 rw-p 00000000 00:00 0 
7f5098000000-7f5098021000 rw-p 00000000 00:00 0 
7f5098021000-7f509c000000 ---p 00000000 00:00 0 
7f509c000000-7f509c001000 r--s 00015000 08:01 17433933                   /home/wilson/.ivy2/cache/com.badlogicgames.jlayer/jlayer/jars/jlayer-1.0.1-gdx.jar
7f509c001000-7f509c004000 r--s 0001b000 08:01 17434371                   /home/wilson/.ivy2/cache/com.lihaoyi/scalarx_2.12/jars/scalarx_2.12-0.3.2.jar
7f509c004000-7f509c005000 r--s 00006000 08:01 17433899                   /home/wilson/.ivy2/cache/io.display/display-desktop_2.12/jars/display-desktop_2.12-0.7.3.jar
7f509c005000-7f509c008000 r--s 00013000 08:01 17433909                   /home/wilson/.ivy2/cache/io.display/display-domain_2.12/jars/display-domain_2.12-0.7.3.jar
7f509c008000-7f509c010000 r--s 00060000 08:01 17434361                   /home/wilson/.ivy2/cache/io.display/display-ecs_2.12/jars/display-ecs_2.12-0.7.3.jar
7f509c010000-7f509c012000 r--s 00009000 08:01 17433901                   /home/wilson/.ivy2/cache/io.display/display-gdx_2.12/jars/display-gdx_2.12-0.7.3.jar
7f509c012000-7f509c014000 r--s 00009000 08:01 17433907                   /home/wilson/.ivy2/cache/io.display/display-io_2.12/jars/display-io_2.12-0.7.3.jar
7f509c014000-7f509c016000 r--s 00017000 08:01 17433935                   /home/wilson/.ivy2/cache/org.jcraft/jorbis/jars/jorbis-0.0.17.jar
7f509c016000-7f509c01a000 r--s 0003e000 08:01 17433914                   /home/wilson/.ivy2/cache/org.lwjgl/lwjgl/jars/lwjgl-3.1.0.jar
7f509c01a000-7f509c01b000 r--s 0000f000 08:01 17433913                   /home/wilson/.ivy2/cache/org.lwjgl/lwjgl/jars/lwjgl-3.1.0-natives-linux.jar
7f509c01b000-7f509c01c000 r--s 00009000 08:01 17433912                   /home/wilson/.ivy2/cache/org.lwjgl/lwjgl/jars/lwjgl-3.1.0-natives-macos.jar
7f509c01c000-7f509c01d000 r--s 00036000 08:01 17433911                   /home/wilson/.ivy2/cache/org.lwjgl/lwjgl/jars/lwjgl-3.1.0-natives-windows.jar
7f509c01d000-7f509c020000 r--s 00015000 08:01 17433918                   /home/wilson/.ivy2/cache/org.lwjgl/lwjgl-glfw/jars/lwjgl-glfw-3.1.0.jar
7f509c020000-7f509c021000 r--s 0000b000 08:01 17433919                   /home/wilson/.ivy2/cache/org.lwjgl/lwjgl-glfw/jars/lwjgl-glfw-3.1.0-natives-linux.jar
7f509c021000-7f509c022000 r--s 00009000 08:01 17433917                   /home/wilson/.ivy2/cache/org.lwjgl/lwjgl-glfw/jars/lwjgl-glfw-3.1.0-natives-macos.jar
7f509c022000-7f509c023000 r--s 00036000 08:01 17433916                   /home/wilson/.ivy2/cache/org.lwjgl/lwjgl-glfw/jars/lwjgl-glfw-3.1.0-natives-windows.jar
7f509c023000-7f509c025000 r--s 00007000 08:01 17433921                   /home/wilson/.ivy2/cache/org.lwjgl/lwjgl-jemalloc/jars/lwjgl-jemalloc-3.1.0.jar
7f509c025000-7f509c026000 r--s 00018000 08:01 17433922                   /home/wilson/.ivy2/cache/org.lwjgl/lwjgl-jemalloc/jars/lwjgl-jemalloc-3.1.0-natives-linux.jar
7f509c026000-7f509c027000 r--s 00014000 08:01 17433924                   /home/wilson/.ivy2/cache/org.lwjgl/lwjgl-jemalloc/jars/lwjgl-jemalloc-3.1.0-natives-macos.jar
7f509c027000-7f509c028000 r--s 0002b000 08:01 17433923                   /home/wilson/.ivy2/cache/org.lwjgl/lwjgl-jemalloc/jars/lwjgl-jemalloc-3.1.0-natives-windows.jar
7f509c028000-7f509c02a000 r--s 00010000 08:01 17433928                   /home/wilson/.ivy2/cache/org.lwjgl/lwjgl-openal/jars/lwjgl-openal-3.1.0.jar
7f509c02a000-7f509c02b000 r--s 00044000 08:01 17433931                   /home/wilson/.ivy2/cache/org.lwjgl/lwjgl-openal/jars/lwjgl-openal-3.1.0-natives-linux.jar
7f509c02b000-7f509c02d000 r--s 0003c000 08:01 17433930                   /home/wilson/.ivy2/cache/org.lwjgl/lwjgl-openal/jars/lwjgl-openal-3.1.0-natives-macos.jar
7f509c02d000-7f509c037000 r--s 000c9000 08:01 17433926                   /home/wilson/.ivy2/cache/org.lwjgl/lwjgl-opengl/jars/lwjgl-opengl-3.1.0.jar
7f509c037000-7f509c039000 r--s 00030000 08:01 17433836                   /home/wilson/.ivy2/cache/com.github.pathikrit/better-files_2.12/jars/better-files_2.12-3.2.0.jar
7f509c039000-7f509c070000 r--s 004ca000 08:01 17304914                   /home/wilson/.ivy2/cache/org.scala-lang/scala-library/jars/scala-library-2.12.3.jar
7f509c070000-7f509c074000 r--s 00032000 08:01 18626443                   /home/wilson/.ivy2/cache/com.typesafe/config/bundles/config-1.2.1.jar
7f509c074000-7f509c087000 r--s 00346000 08:01 19665143                   /usr/lib/jvm/java-8-openjdk-amd64/jre/lib/resources.jar
7f509c087000-7f509c08c000 r--s 0009a000 08:01 19665139                   /usr/lib/jvm/java-8-openjdk-amd64/jre/lib/jsse.jar
7f509c08c000-7f509c25a000 r--s 03c13000 08:01 19665144                   /usr/lib/jvm/java-8-openjdk-amd64/jre/lib/rt.jar
7f509c25a000-7f509c2d0000 rw-p 00000000 00:00 0 
7f509c2d0000-7f509c2d1000 ---p 00000000 00:00 0 
7f509c2d1000-7f509c3d1000 rw-p 00000000 00:00 0 
7f509c3d1000-7f509c3d2000 ---p 00000000 00:00 0 
7f509c3d2000-7f509c4d2000 rw-p 00000000 00:00 0 
7f509c4d2000-7f509c4d3000 ---p 00000000 00:00 0 
7f509c4d3000-7f509c5fd000 rw-p 00000000 00:00 0 
7f509c5fd000-7f509c865000 ---p 00000000 00:00 0 
7f509c865000-7f509c88f000 rw-p 00000000 00:00 0 
7f509c88f000-7f509caf6000 ---p 00000000 00:00 0 
7f509caf6000-7f509cb0b000 rw-p 00000000 00:00 0 
7f509cb0b000-7f509cc3f000 ---p 00000000 00:00 0 
7f509cc3f000-7f509cc4e000 rw-p 00000000 00:00 0 
7f509cc4e000-7f509d000000 ---p 00000000 00:00 0 
7f509d000000-7f509d360000 rwxp 00000000 00:00 0 
7f509d360000-7f50ac000000 ---p 00000000 00:00 0 
7f50ac000000-7f50adf9a000 rw-p 00000000 00:00 0 
7f50adf9a000-7f50b0000000 ---p 00000000 00:00 0 
7f50b0000000-7f50b0002000 r--s 000cf000 08:01 17433855                   /home/wilson/.ivy2/cache/com.badlogicgames.gdx/gdx-platform/jars/gdx-platform-1.9.6-natives-desktop.jar
7f50b0002000-7f50b0005000 r--s 00015000 08:01 19665137                   /usr/lib/jvm/java-8-openjdk-amd64/jre/lib/jce.jar
7f50b0005000-7f50b0020000 r--s 001d6000 08:01 19926097                   /usr/lib/jvm/java-8-openjdk-amd64/jre/lib/ext/nashorn.jar
7f50b0020000-7f50b002a000 r--s 00116000 08:01 19926096                   /usr/lib/jvm/java-8-openjdk-amd64/jre/lib/ext/localedata.jar
7f50b002a000-7f50b0045000 r--s 00394000 08:01 19926092                   /usr/lib/jvm/java-8-openjdk-amd64/jre/lib/ext/cldrdata.jar
7f50b0045000-7f50b0046000 ---p 00000000 00:00 0 
7f50b0046000-7f50b0146000 rw-p 00000000 00:00 0 
7f50b0146000-7f50b014e000 r-xp 00000000 08:01 19665131                   /usr/lib/jvm/java-8-openjdk-amd64/jre/lib/amd64/libzip.so
7f50b014e000-7f50b034d000 ---p 00008000 08:01 19665131                   /usr/lib/jvm/java-8-openjdk-amd64/jre/lib/amd64/libzip.so
7f50b034d000-7f50b034e000 r--p 00007000 08:01 19665131                   /usr/lib/jvm/java-8-openjdk-amd64/jre/lib/amd64/libzip.so
7f50b034e000-7f50b034f000 rw-p 00008000 08:01 19665131                   /usr/lib/jvm/java-8-openjdk-amd64/jre/lib/amd64/libzip.so
7f50b034f000-7f50b035a000 r-xp 00000000 08:01 19136605                   /lib/x86_64-linux-gnu/libnss_files-2.24.so
7f50b035a000-7f50b0559000 ---p 0000b000 08:01 19136605                   /lib/x86_64-linux-gnu/libnss_files-2.24.so
7f50b0559000-7f50b055a000 r--p 0000a000 08:01 19136605                   /lib/x86_64-linux-gnu/libnss_files-2.24.so
7f50b055a000-7f50b055b000 rw-p 0000b000 08:01 19136605                   /lib/x86_64-linux-gnu/libnss_files-2.24.so
7f50b055b000-7f50b0561000 rw-p 00000000 00:00 0 
7f50b0561000-7f50b056c000 r-xp 00000000 08:01 19136607                   /lib/x86_64-linux-gnu/libnss_nis-2.24.so
7f50b056c000-7f50b076b000 ---p 0000b000 08:01 19136607                   /lib/x86_64-linux-gnu/libnss_nis-2.24.so
7f50b076b000-7f50b076c000 r--p 0000a000 08:01 19136607                   /lib/x86_64-linux-gnu/libnss_nis-2.24.so
7f50b076c000-7f50b076d000 rw-p 0000b000 08:01 19136607                   /lib/x86_64-linux-gnu/libnss_nis-2.24.so
7f50b076d000-7f50b0783000 r-xp 00000000 08:01 19136602                   /lib/x86_64-linux-gnu/libnsl-2.24.so
7f50b0783000-7f50b0982000 ---p 00016000 08:01 19136602                   /lib/x86_64-linux-gnu/libnsl-2.24.so
7f50b0982000-7f50b0983000 r--p 00015000 08:01 19136602                   /lib/x86_64-linux-gnu/libnsl-2.24.so
7f50b0983000-7f50b0984000 rw-p 00016000 08:01 19136602                   /lib/x86_64-linux-gnu/libnsl-2.24.so
7f50b0984000-7f50b0986000 rw-p 00000000 00:00 0 
7f50b0986000-7f50b098e000 r-xp 00000000 08:01 19136603                   /lib/x86_64-linux-gnu/libnss_compat-2.24.so
7f50b098e000-7f50b0b8d000 ---p 00008000 08:01 19136603                   /lib/x86_64-linux-gnu/libnss_compat-2.24.so
7f50b0b8d000-7f50b0b8e000 r--p 00007000 08:01 19136603                   /lib/x86_64-linux-gnu/libnss_compat-2.24.so
7f50b0b8e000-7f50b0b8f000 rw-p 00008000 08:01 19136603                   /lib/x86_64-linux-gnu/libnss_compat-2.24.so
7f50b0b8f000-7f50b0b99000 r-xp 00000000 08:01 19665107                   /usr/lib/jvm/java-8-openjdk-amd64/jre/lib/amd64/libinstrument.so
7f50b0b99000-7f50b0d98000 ---p 0000a000 08:01 19665107                   /usr/lib/jvm/java-8-openjdk-amd64/jre/lib/amd64/libinstrument.so
7f50b0d98000-7f50b0d99000 r--p 00009000 08:01 19665107                   /usr/lib/jvm/java-8-openjdk-amd64/jre/lib/amd64/libinstrument.so
7f50b0d99000-7f50b0d9a000 rw-p 0000a000 08:01 19665107                   /usr/lib/jvm/java-8-openjdk-amd64/jre/lib/amd64/libinstrument.so
7f50b0d9a000-7f50b0dc7000 r-xp 00000000 08:01 19665112                   /usr/lib/jvm/java-8-openjdk-amd64/jre/lib/amd64/libjava.so
7f50b0dc7000-7f50b0fc6000 ---p 0002d000 08:01 19665112                   /usr/lib/jvm/java-8-openjdk-amd64/jre/lib/amd64/libjava.so
7f50b0fc6000-7f50b0fc7000 r--p 0002c000 08:01 19665112                   /usr/lib/jvm/java-8-openjdk-amd64/jre/lib/amd64/libjava.so
7f50b0fc7000-7f50b0fc9000 rw-p 0002d000 08:01 19665112                   /usr/lib/jvm/java-8-openjdk-amd64/jre/lib/amd64/libjava.so
7f50b0fc9000-7f50b0fd8000 r-xp 00000000 08:01 19665130                   /usr/lib/jvm/java-8-openjdk-amd64/jre/lib/amd64/libverify.so
7f50b0fd8000-7f50b11d8000 ---p 0000f000 08:01 19665130                   /usr/lib/jvm/java-8-openjdk-amd64/jre/lib/amd64/libverify.so
7f50b11d8000-7f50b11da000 r--p 0000f000 08:01 19665130                   /usr/lib/jvm/java-8-openjdk-amd64/jre/lib/amd64/libverify.so
7f50b11da000-7f50b11db000 rw-p 00011000 08:01 19665130                   /usr/lib/jvm/java-8-openjdk-amd64/jre/lib/amd64/libverify.so
7f50b11db000-7f50b11e2000 r-xp 00000000 08:01 19141016                   /lib/x86_64-linux-gnu/librt-2.24.so
7f50b11e2000-7f50b13e1000 ---p 00007000 08:01 19141016                   /lib/x86_64-linux-gnu/librt-2.24.so
7f50b13e1000-7f50b13e2000 r--p 00006000 08:01 19141016                   /lib/x86_64-linux-gnu/librt-2.24.so
7f50b13e2000-7f50b13e3000 rw-p 00007000 08:01 19141016                   /lib/x86_64-linux-gnu/librt-2.24.so
7f50b13e3000-7f50b13f9000 r-xp 00000000 08:01 19141123                   /lib/x86_64-linux-gnu/libgcc_s.so.1
7f50b13f9000-7f50b15f8000 ---p 00016000 08:01 19141123                   /lib/x86_64-linux-gnu/libgcc_s.so.1
7f50b15f8000-7f50b15f9000 r--p 00015000 08:01 19141123                   /lib/x86_64-linux-gnu/libgcc_s.so.1
7f50b15f9000-7f50b15fa000 rw-p 00016000 08:01 19141123                   /lib/x86_64-linux-gnu/libgcc_s.so.1
7f50b15fa000-7f50b1702000 r-xp 00000000 08:01 19136599                   /lib/x86_64-linux-gnu/libm-2.24.so
7f50b1702000-7f50b1901000 ---p 00108000 08:01 19136599                   /lib/x86_64-linux-gnu/libm-2.24.so
7f50b1901000-7f50b1902000 r--p 00107000 08:01 19136599                   /lib/x86_64-linux-gnu/libm-2.24.so
7f50b1902000-7f50b1903000 rw-p 00108000 08:01 19136599                   /lib/x86_64-linux-gnu/libm-2.24.so
7f50b1903000-7f50b1a7c000 r-xp 00000000 08:01 19538047                   /usr/lib/x86_64-linux-gnu/libstdc++.so.6.0.22
7f50b1a7c000-7f50b1c7b000 ---p 00179000 08:01 19538047                   /usr/lib/x86_64-linux-gnu/libstdc++.so.6.0.22
7f50b1c7b000-7f50b1c85000 r--p 00178000 08:01 19538047                   /usr/lib/x86_64-linux-gnu/libstdc++.so.6.0.22
7f50b1c85000-7f50b1c87000 rw-p 00182000 08:01 19538047                   /usr/lib/x86_64-linux-gnu/libstdc++.so.6.0.22
7f50b1c87000-7f50b1c8b000 rw-p 00000000 00:00 0 
7f50b1c8b000-7f50b28e5000 r-xp 00000000 08:01 19798148                   /usr/lib/jvm/java-8-openjdk-amd64/jre/lib/amd64/server/libjvm.so
7f50b28e5000-7f50b2ae4000 ---p 00c5a000 08:01 19798148                   /usr/lib/jvm/java-8-openjdk-amd64/jre/lib/amd64/server/libjvm.so
7f50b2ae4000-7f50b2b77000 r--p 00c59000 08:01 19798148                   /usr/lib/jvm/java-8-openjdk-amd64/jre/lib/amd64/server/libjvm.so
7f50b2b77000-7f50b2ba0000 rw-p 00cec000 08:01 19798148                   /usr/lib/jvm/java-8-openjdk-amd64/jre/lib/amd64/server/libjvm.so
7f50b2ba0000-7f50b2bd0000 rw-p 00000000 00:00 0 
7f50b2bd0000-7f50b2be8000 r-xp 00000000 08:01 19140960                   /lib/x86_64-linux-gnu/libpthread-2.24.so
7f50b2be8000-7f50b2de8000 ---p 00018000 08:01 19140960                   /lib/x86_64-linux-gnu/libpthread-2.24.so
7f50b2de8000-7f50b2de9000 r--p 00018000 08:01 19140960                   /lib/x86_64-linux-gnu/libpthread-2.24.so
7f50b2de9000-7f50b2dea000 rw-p 00019000 08:01 19140960                   /lib/x86_64-linux-gnu/libpthread-2.24.so
7f50b2dea000-7f50b2dee000 rw-p 00000000 00:00 0 
7f50b2dee000-7f50b2df1000 r-xp 00000000 08:01 19136598                   /lib/x86_64-linux-gnu/libdl-2.24.so
7f50b2df1000-7f50b2ff0000 ---p 00003000 08:01 19136598                   /lib/x86_64-linux-gnu/libdl-2.24.so
7f50b2ff0000-7f50b2ff1000 r--p 00002000 08:01 19136598                   /lib/x86_64-linux-gnu/libdl-2.24.so
7f50b2ff1000-7f50b2ff2000 rw-p 00003000 08:01 19136598                   /lib/x86_64-linux-gnu/libdl-2.24.so
7f50b2ff2000-7f50b300d000 r-xp 00000000 08:01 19141266                   /lib/x86_64-linux-gnu/libz.so.1.2.11
7f50b300d000-7f50b320c000 ---p 0001b000 08:01 19141266                   /lib/x86_64-linux-gnu/libz.so.1.2.11
7f50b320c000-7f50b320d000 r--p 0001a000 08:01 19141266                   /lib/x86_64-linux-gnu/libz.so.1.2.11
7f50b320d000-7f50b320e000 rw-p 0001b000 08:01 19141266                   /lib/x86_64-linux-gnu/libz.so.1.2.11
7f50b320e000-7f50b33cc000 r-xp 00000000 08:01 19136595                   /lib/x86_64-linux-gnu/libc-2.24.so
7f50b33cc000-7f50b35cb000 ---p 001be000 08:01 19136595                   /lib/x86_64-linux-gnu/libc-2.24.so
7f50b35cb000-7f50b35cf000 r--p 001bd000 08:01 19136595                   /lib/x86_64-linux-gnu/libc-2.24.so
7f50b35cf000-7f50b35d1000 rw-p 001c1000 08:01 19136595                   /lib/x86_64-linux-gnu/libc-2.24.so
7f50b35d1000-7f50b35d5000 rw-p 00000000 00:00 0 
7f50b35d5000-7f50b35e2000 r-xp 00000000 08:01 19665098                   /usr/lib/jvm/java-8-openjdk-amd64/jre/lib/amd64/jli/libjli.so
7f50b35e2000-7f50b37e2000 ---p 0000d000 08:01 19665098                   /usr/lib/jvm/java-8-openjdk-amd64/jre/lib/amd64/jli/libjli.so
7f50b37e2000-7f50b37e3000 r--p 0000d000 08:01 19665098                   /usr/lib/jvm/java-8-openjdk-amd64/jre/lib/amd64/jli/libjli.so
7f50b37e3000-7f50b37e4000 rw-p 0000e000 08:01 19665098                   /usr/lib/jvm/java-8-openjdk-amd64/jre/lib/amd64/jli/libjli.so
7f50b37e4000-7f50b380a000 r-xp 00000000 08:01 19136527                   /lib/x86_64-linux-gnu/ld-2.24.so
7f50b380a000-7f50b380b000 r--s 000b6000 08:01 17433929                   /home/wilson/.ivy2/cache/org.lwjgl/lwjgl-openal/jars/lwjgl-openal-3.1.0-natives-windows.jar
7f50b380b000-7f50b380c000 r--s 00000000 08:01 19665141                   /usr/lib/jvm/java-8-openjdk-amd64/jre/lib/management-agent.jar
7f50b380c000-7f50b380e000 r--s 00007000 08:01 20058252                   /usr/share/java/java-atk-wrapper.jar
7f50b380e000-7f50b3813000 r--s 002f9000 08:01 19665132                   /usr/lib/jvm/java-8-openjdk-amd64/jre/lib/charsets.jar
7f50b3813000-7f50b38e3000 rw-p 00000000 00:00 0 
7f50b38e3000-7f50b38e6000 ---p 00000000 00:00 0 
7f50b38e6000-7f50b39e8000 rw-p 00000000 00:00 0 
7f50b39e8000-7f50b39ea000 r--s 00001000 08:01 19926093                   /usr/lib/jvm/java-8-openjdk-amd64/jre/lib/ext/dnsns.jar
7f50b39ea000-7f50b39ed000 r--s 0000f000 08:01 19926094                   /usr/lib/jvm/java-8-openjdk-amd64/jre/lib/ext/icedtea-sound.jar
7f50b39ed000-7f50b39ee000 r--s 0000a000 08:01 19926095                   /usr/lib/jvm/java-8-openjdk-amd64/jre/lib/ext/jaccess.jar
7f50b39ee000-7f50b39f3000 r--s 0003b000 08:01 19926099                   /usr/lib/jvm/java-8-openjdk-amd64/jre/lib/ext/sunjce_provider.jar
7f50b39f3000-7f50b39f4000 r--s 00010000 08:01 19926101                   /usr/lib/jvm/java-8-openjdk-amd64/jre/lib/ext/zipfs.jar
7f50b39f4000-7f50b39f6000 r--s 00007000 08:01 20058252                   /usr/share/java/java-atk-wrapper.jar
7f50b39f6000-7f50b39fa000 r--s 00037000 08:01 19926100                   /usr/lib/jvm/java-8-openjdk-amd64/jre/lib/ext/sunpkcs11.jar
7f50b39fa000-7f50b39fc000 r--s 00008000 08:01 19926098                   /usr/lib/jvm/java-8-openjdk-amd64/jre/lib/ext/sunec.jar
7f50b39fc000-7f50b3a04000 rw-s 00000000 08:01 24903720                   /tmp/hsperfdata_wilson/9080
7f50b3a04000-7f50b3a05000 rw-p 00000000 00:00 0 
7f50b3a05000-7f50b3a06000 r--p 00000000 00:00 0 
7f50b3a06000-7f50b3a09000 rw-p 00000000 00:00 0 
7f50b3a09000-7f50b3a0a000 r--p 00025000 08:01 19136527                   /lib/x86_64-linux-gnu/ld-2.24.so
7f50b3a0a000-7f50b3a0b000 rw-p 00026000 08:01 19136527                   /lib/x86_64-linux-gnu/ld-2.24.so
7f50b3a0b000-7f50b3a0c000 rw-p 00000000 00:00 0 
7ffd5d406000-7ffd5d428000 rw-p 00000000 00:00 0                          [stack]
7ffd5d461000-7ffd5d463000 r--p 00000000 00:00 0                          [vvar]
7ffd5d463000-7ffd5d465000 r-xp 00000000 00:00 0                          [vdso]
ffffffffff600000-ffffffffff601000 r-xp 00000000 00:00 0                  [vsyscall]

VM Arguments:
jvm_args: -javaagent:/opt/intellij-idea-community/lib/idea_rt.jar=43155:/opt/intellij-idea-community/bin -Dfile.encoding=UTF-8 
java_command: roulette.BillboardApp
java_class_path (initial): /usr/lib/jvm/java-1.8.0-openjdk-amd64/jre/lib/charsets.jar:/usr/lib/jvm/java-1.8.0-openjdk-amd64/jre/lib/ext/cldrdata.jar:/usr/lib/jvm/java-1.8.0-openjdk-amd64/jre/lib/ext/dnsns.jar:/usr/lib/jvm/java-1.8.0-openjdk-amd64/jre/lib/ext/icedtea-sound.jar:/usr/lib/jvm/java-1.8.0-openjdk-amd64/jre/lib/ext/jaccess.jar:/usr/lib/jvm/java-1.8.0-openjdk-amd64/jre/lib/ext/java-atk-wrapper.jar:/usr/lib/jvm/java-1.8.0-openjdk-amd64/jre/lib/ext/localedata.jar:/usr/lib/jvm/java-1.8.0-openjdk-amd64/jre/lib/ext/nashorn.jar:/usr/lib/jvm/java-1.8.0-openjdk-amd64/jre/lib/ext/sunec.jar:/usr/lib/jvm/java-1.8.0-openjdk-amd64/jre/lib/ext/sunjce_provider.jar:/usr/lib/jvm/java-1.8.0-openjdk-amd64/jre/lib/ext/sunpkcs11.jar:/usr/lib/jvm/java-1.8.0-openjdk-amd64/jre/lib/ext/zipfs.jar:/usr/lib/jvm/java-1.8.0-openjdk-amd64/jre/lib/jce.jar:/usr/lib/jvm/java-1.8.0-openjdk-amd64/jre/lib/jsse.jar:/usr/lib/jvm/java-1.8.0-openjdk-amd64/jre/lib/management-agent.jar:/usr/lib/jvm/java-1.8.0-openjdk-amd64/jre/lib/resources.jar:/usr/lib/jvm/java-1.8.0-openjdk-amd64/jre/lib/rt.jar:/home/wilson/IdeaProjects/billboard/target/scala-2.12/classes:/home/wilson/.ivy2/cache/com.badlogicgames.gdx/gdx-platform/jars/gdx-platform-1.9.6-natives-desktop.jar:/home/wilson/.ivy2/cache/com.typesafe/config/bundles/config-1.2.1.jar:/home/wilson/.ivy2/cache/org.scala-lang/scala-library/jars/scala-library-2.12.3.jar:/home/wilson/.ivy2/cache/com.github.pathikrit/better-files_2.12/jars/better-files_2.12-3.2.0.jar:/home/wilson/.ivy2/cache/org.lwjgl/lwjgl-opengl/jars/lwjgl-opengl-3.1.0.jar:/home/wilson/.ivy2/cache/org.lwjgl/lwjgl-openal/jars/lwjgl-openal-3.1.0-natives-windows.jar:/home/wilson/.ivy2/cache/org.lwjgl/lwjgl-openal/jars/lwjgl-openal-3.1.0-natives-macos.jar:/home/wilson/.ivy2/cache/org.lwjgl/lwjgl-openal/jars/lwjgl-openal-3.1.0-natives-linux.jar:/home/wilson/.ivy2/cache/org.lwjgl/lwjgl-openal/jars/lwjgl-openal-3.1.0.jar:/home/wilson/.ivy2/cache/org.lwjgl/lwjgl-jemalloc/jars/lwjgl-jemalloc-3.1.0-n
Launcher Type: SUN_STANDARD

Environment Variables:
PATH=/usr/local/sbin:/usr/local/bin:/usr/sbin:/usr/bin:/sbin:/bin:/usr/games:/usr/local/games:/snap/bin
LD_LIBRARY_PATH=/opt/intellij-idea-community/bin:
SHELL=/bin/bash
DISPLAY=:0.0

Signal Handlers:
SIGSEGV: [libjvm.so+0xa70490], sa_mask[0]=11111111011111111101111111111110, sa_flags=SA_RESTART|SA_SIGINFO
SIGBUS: [libjvm.so+0xa70490], sa_mask[0]=11111111011111111101111111111110, sa_flags=SA_RESTART|SA_SIGINFO
SIGFPE: [libjvm.so+0x8b9fc0], sa_mask[0]=11111111011111111101111111111110, sa_flags=SA_RESTART|SA_SIGINFO
SIGPIPE: [libjvm.so+0x8b9fc0], sa_mask[0]=11111111011111111101111111111110, sa_flags=SA_RESTART|SA_SIGINFO
SIGXFSZ: [libjvm.so+0x8b9fc0], sa_mask[0]=11111111011111111101111111111110, sa_flags=SA_RESTART|SA_SIGINFO
SIGILL: [libjvm.so+0x8b9fc0], sa_mask[0]=11111111011111111101111111111110, sa_flags=SA_RESTART|SA_SIGINFO
SIGUSR1: SIG_DFL, sa_mask[0]=00000000000000000000000000000000, sa_flags=none
SIGUSR2: [libjvm.so+0x8b9e70], sa_mask[0]=00100000000000000000000000000000, sa_flags=SA_RESTART|SA_SIGINFO
SIGHUP: [libjvm.so+0x8ba320], sa_mask[0]=11111111011111111101111111111110, sa_flags=SA_RESTART|SA_SIGINFO
SIGINT: [libjvm.so+0x8ba320], sa_mask[0]=11111111011111111101111111111110, sa_flags=SA_RESTART|SA_SIGINFO
SIGTERM: [libjvm.so+0x8ba320], sa_mask[0]=11111111011111111101111111111110, sa_flags=SA_RESTART|SA_SIGINFO
SIGQUIT: [libjvm.so+0x8ba320], sa_mask[0]=11111111011111111101111111111110, sa_flags=SA_RESTART|SA_SIGINFO


---------------  S Y S T E M  ---------------

OS:DISTRIB_ID=Ubuntu
DISTRIB_RELEASE=17.04
DISTRIB_CODENAME=zesty
DISTRIB_DESCRIPTION="Ubuntu 17.04"

uname:Linux 4.10.0-37-generic #41-Ubuntu SMP Fri Oct 6 20:20:37 UTC 2017 x86_64
libc:glibc 2.24 NPTL 2.24 
rlimit: STACK 8192k, CORE 0k, NPROC 31366, NOFILE 1048576, AS infinity
load average:9.98 5.63 3.85

/proc/meminfo:
MemTotal:        8075392 kB
MemFree:         2983464 kB
MemAvailable:    4002256 kB
Buffers:           78488 kB
Cached:          1238588 kB
SwapCached:            0 kB
Active:          3749424 kB
Inactive:        1091948 kB
Active(anon):    3197124 kB
Inactive(anon):   450980 kB
Active(file):     552300 kB
Inactive(file):   640968 kB
Unevictable:           0 kB
Mlocked:               0 kB
SwapTotal:       2097148 kB
SwapFree:        2097148 kB
Dirty:              1508 kB
Writeback:             0 kB
AnonPages:       3409324 kB
Mapped:           341572 kB
Shmem:            123812 kB
Slab:             151072 kB
SReclaimable:      89736 kB
SUnreclaim:        61336 kB
KernelStack:        9344 kB
PageTables:        30092 kB
NFS_Unstable:          0 kB
Bounce:                0 kB
WritebackTmp:          0 kB
CommitLimit:     6134844 kB
Committed_AS:    6378556 kB
VmallocTotal:   34359738367 kB
VmallocUsed:           0 kB
VmallocChunk:          0 kB
HardwareCorrupted:     0 kB
AnonHugePages:   2050048 kB
ShmemHugePages:        0 kB
ShmemPmdMapped:        0 kB
CmaTotal:              0 kB
CmaFree:               0 kB
HugePages_Total:       0
HugePages_Free:        0
HugePages_Rsvd:        0
HugePages_Surp:        0
Hugepagesize:       2048 kB
DirectMap4k:      125356 kB
DirectMap2M:     6068224 kB
DirectMap1G:     3145728 kB


CPU:total 4 (initial active 4) (2 cores per cpu, 2 threads per core) family 6 model 69 stepping 1, cmov, cx8, fxsr, mmx, sse, sse2, sse3, ssse3, sse4.1, sse4.2, popcnt, avx, avx2, aes, clmul, erms, lzcnt, ht, tsc, tscinvbit, bmi1, bmi2

/proc/cpuinfo:
processor	: 0
vendor_id	: GenuineIntel
cpu family	: 6
model		: 69
model name	: Intel(R) Core(TM) i5-4210U CPU @ 1.70GHz
stepping	: 1
microcode	: 0x17
cpu MHz		: 799.987
cache size	: 3072 KB
physical id	: 0
siblings	: 4
core id		: 0
cpu cores	: 2
apicid		: 0
initial apicid	: 0
fpu		: yes
fpu_exception	: yes
cpuid level	: 13
wp		: yes
flags		: fpu vme de pse tsc msr pae mce cx8 apic sep mtrr pge mca cmov pat pse36 clflush dts acpi mmx fxsr sse sse2 ss ht tm pbe syscall nx pdpe1gb rdtscp lm constant_tsc arch_perfmon pebs bts rep_good nopl xtopology nonstop_tsc aperfmperf pni pclmulqdq dtes64 monitor ds_cpl vmx est tm2 ssse3 sdbg fma cx16 xtpr pdcm pcid sse4_1 sse4_2 movbe popcnt tsc_deadline_timer aes xsave avx f16c rdrand lahf_lm abm epb tpr_shadow vnmi flexpriority ept vpid fsgsbase tsc_adjust bmi1 avx2 smep bmi2 erms invpcid xsaveopt dtherm ida arat pln pts
bugs		:
bogomips	: 3392.28
clflush size	: 64
cache_alignment	: 64
address sizes	: 39 bits physical, 48 bits virtual
power management:

processor	: 1
vendor_id	: GenuineIntel
cpu family	: 6
model		: 69
model name	: Intel(R) Core(TM) i5-4210U CPU @ 1.70GHz
stepping	: 1
microcode	: 0x17
cpu MHz		: 799.987
cache size	: 3072 KB
physical id	: 0
siblings	: 4
core id		: 1
cpu cores	: 2
apicid		: 2
initial apicid	: 2
fpu		: yes
fpu_exception	: yes
cpuid level	: 13
wp		: yes
flags		: fpu vme de pse tsc msr pae mce cx8 apic sep mtrr pge mca cmov pat pse36 clflush dts acpi mmx fxsr sse sse2 ss ht tm pbe syscall nx pdpe1gb rdtscp lm constant_tsc arch_perfmon pebs bts rep_good nopl xtopology nonstop_tsc aperfmperf pni pclmulqdq dtes64 monitor ds_cpl vmx est tm2 ssse3 sdbg fma cx16 xtpr pdcm pcid sse4_1 sse4_2 movbe popcnt tsc_deadline_timer aes xsave avx f16c rdrand lahf_lm abm epb tpr_shadow vnmi flexpriority ept vpid fsgsbase tsc_adjust bmi1 avx2 smep bmi2 erms invpcid xsaveopt dtherm ida arat pln pts
bugs		:
bogomips	: 3392.28
clflush size	: 64
cache_alignment	: 64
address sizes	: 39 bits physical, 48 bits virtual
power management:

processor	: 2
vendor_id	: GenuineIntel
cpu family	: 6
model		: 69
model name	: Intel(R) Core(TM) i5-4210U CPU @ 1.70GHz
stepping	: 1
microcode	: 0x17
cpu MHz		: 799.987
cache size	: 3072 KB
physical id	: 0
siblings	: 4
core id		: 0
cpu cores	: 2
apicid		: 1
initial apicid	: 1
fpu		: yes
fpu_exception	: yes
cpuid level	: 13
wp		: yes
flags		: fpu vme de pse tsc msr pae mce cx8 apic sep mtrr pge mca cmov pat pse36 clflush dts acpi mmx fxsr sse sse2 ss ht tm pbe syscall nx pdpe1gb rdtscp lm constant_tsc arch_perfmon pebs bts rep_good nopl xtopology nonstop_tsc aperfmperf pni pclmulqdq dtes64 monitor ds_cpl vmx est tm2 ssse3 sdbg fma cx16 xtpr pdcm pcid sse4_1 sse4_2 movbe popcnt tsc_deadline_timer aes xsave avx f16c rdrand lahf_lm abm epb tpr_shadow vnmi flexpriority ept vpid fsgsbase tsc_adjust bmi1 avx2 smep bmi2 erms invpcid xsaveopt dtherm ida arat pln pts
bugs		:
bogomips	: 3392.28
clflush size	: 64
cache_alignment	: 64
address sizes	: 39 bits physical, 48 bits virtual
power management:

processor	: 3
vendor_id	: GenuineIntel
cpu family	: 6
model		: 69
model name	: Intel(R) Core(TM) i5-4210U CPU @ 1.70GHz
stepping	: 1
microcode	: 0x17
cpu MHz		: 799.987
cache size	: 3072 KB
physical id	: 0
siblings	: 4
core id		: 1
cpu cores	: 2
apicid		: 3
initial apicid	: 3
fpu		: yes
fpu_exception	: yes
cpuid level	: 13
wp		: yes
flags		: fpu vme de pse tsc msr pae mce cx8 apic sep mtrr pge mca cmov pat pse36 clflush dts acpi mmx fxsr sse sse2 ss ht tm pbe syscall nx pdpe1gb rdtscp lm constant_tsc arch_perfmon pebs bts rep_good nopl xtopology nonstop_tsc aperfmperf pni pclmulqdq dtes64 monitor ds_cpl vmx est tm2 ssse3 sdbg fma cx16 xtpr pdcm pcid sse4_1 sse4_2 movbe popcnt tsc_deadline_timer aes xsave avx f16c rdrand lahf_lm abm epb tpr_shadow vnmi flexpriority ept vpid fsgsbase tsc_adjust bmi1 avx2 smep bmi2 erms invpcid xsaveopt dtherm ida arat pln pts
bugs		:
bogomips	: 3392.28
clflush size	: 64
cache_alignment	: 64
address sizes	: 39 bits physical, 48 bits virtual
power management:



Memory: 4k page, physical 8075392k(2983464k free), swap 2097148k(2097148k free)

vm_info: OpenJDK 64-Bit Server VM (25.131-b11) for linux-amd64 JRE (1.8.0_131-8u131-b11-2ubuntu1.17.04.3-b11), built on Jul 27 2017 21:26:44 by "buildd" with gcc 6.3.0 20170406

time: Mon Oct 30 19:14:53 2017
elapsed time: 6 seconds (0d 0h 0m 6s)

